TpTrace Verbose: 0 : 7112, 1, 2021/09/22, 23:30:36.226, 2210617041603, testhost.dll, Version: 16.9.4
TpTrace Information: 0 : 7112, 1, 2021/09/22, 23:30:36.231, 2210617085427, testhost.dll, DefaultEngineInvoker.Invoke: Testhost process started with args :[--port, 57311],[--endpoint, 127.0.0.1:057311],[--role, client],[--parentprocessid, 5468],[--diag, D:\IsmaPCBlanco\Documentos\ISMA\Semestre 2021-2\Diseño dirigido por pruebas\Proyectos\PracticaParcial1\PracticaParcial1\bin\Debug\net5.0\fine-code-coverage\coverage-tool-output\diagnostics.host.21-09-22_23-30-36_12262_6.log],[--tracelevel, 4],[--datacollectionport, 57310],[--telemetryoptedin, false]
TpTrace Information: 0 : 7112, 1, 2021/09/22, 23:30:36.233, 2210617104338, testhost.dll, Setting up debug trace listener.
TpTrace Verbose: 0 : 7112, 1, 2021/09/22, 23:30:36.234, 2210617106111, testhost.dll, TestPlatformTraceListener.Setup: Replacing listener 0 with TestHostTraceListener.
TpTrace Verbose: 0 : 7112, 1, 2021/09/22, 23:30:36.234, 2210617106479, testhost.dll, TestPlatformTraceListener.Setup: Added test platform trace listener.
TpTrace Information: 0 : 7112, 1, 2021/09/22, 23:30:36.234, 2210617110574, testhost.dll, DefaultEngineInvoker.SetParentProcessExitCallback: Monitoring parent process with id: '5468'
TpTrace Information: 0 : 7112, 1, 2021/09/22, 23:30:36.240, 2210617167893, testhost.dll, DefaultEngineInvoker.GetConnectionInfo: Initialize communication on endpoint address: '127.0.0.1:057311'
TpTrace Information: 0 : 7112, 1, 2021/09/22, 23:30:36.251, 2210617284137, testhost.dll, SocketClient.Start: connecting to server endpoint: 127.0.0.1:057311
TpTrace Information: 0 : 7112, 1, 2021/09/22, 23:30:36.257, 2210617339258, testhost.dll, DefaultEngineInvoker.ConnectToDatacollector: Connecting to datacollector, port: 57310
TpTrace Information: 0 : 7112, 8, 2021/09/22, 23:30:36.258, 2210617347423, testhost.dll, SocketClient.OnServerConnected: connected to server endpoint: 127.0.0.1:057311
TpTrace Verbose: 0 : 7112, 8, 2021/09/22, 23:30:36.259, 2210617363808, testhost.dll, Connected to server, and starting MessageLoopAsync
TpTrace Information: 0 : 7112, 1, 2021/09/22, 23:30:36.259, 2210617365593, testhost.dll, Trying to connect to server on socket : 127.0.0.1:57310 
TpTrace Verbose: 0 : 7112, 1, 2021/09/22, 23:30:36.260, 2210617368247, testhost.dll, SocketCommunicationManager : SetupClientAsync : Attempting to connect to the server.
TpTrace Information: 0 : 7112, 10, 2021/09/22, 23:30:36.261, 2210617380782, testhost.dll, Connected to the server successfully 
TpTrace Information: 0 : 7112, 10, 2021/09/22, 23:30:36.261, 2210617381606, testhost.dll, Using the buffer size of 16384 bytes
TpTrace Information: 0 : 7112, 1, 2021/09/22, 23:30:36.261, 2210617385382, testhost.dll, DefaultEngineInvoker.Invoke: Start Request Processing.
TpTrace Verbose: 0 : 7112, 8, 2021/09/22, 23:30:36.262, 2210617386338, testhost.dll, TcpClientExtensions.MessageLoopAsync: Polling on remoteEndPoint: [::ffff:127.0.0.1]:57311 localEndPoint: [::ffff:127.0.0.1]:57312
TpTrace Verbose: 0 : 7112, 8, 2021/09/22, 23:30:36.262, 2210617389214, testhost.dll, TcpClientExtensions.MessageLoopAsync: NotifyDataAvailable remoteEndPoint: [::ffff:127.0.0.1]:57311 localEndPoint: [::ffff:127.0.0.1]:57312
TpTrace Information: 0 : 7112, 11, 2021/09/22, 23:30:36.262, 2210617390927, testhost.dll, DefaultEngineInvoker.StartProcessingAsync: Connected to vstest.console, Starting process requests.
TpTrace Information: 0 : 7112, 8, 2021/09/22, 23:30:36.349, 2210618259924, testhost.dll, TestRequestHandler.ProcessRequests: received message: (ProtocolVersion) -> 5
TpTrace Verbose: 0 : 7112, 8, 2021/09/22, 23:30:36.368, 2210618455700, testhost.dll, TestRequestHandler.SendData:  sending data from testhost: {"Version":5,"MessageType":"TestSession.Message","Payload":{"MessageLevel":0,"Message":"Registrando diagnóstico de TestHost en el archivo: D:\\IsmaPCBlanco\\Documentos\\ISMA\\Semestre 2021-2\\Diseño dirigido por pruebas\\Proyectos\\PracticaParcial1\\PracticaParcial1\\bin\\Debug\\net5.0\\fine-code-coverage\\coverage-tool-output\\diagnostics.host.21-09-22_23-30-36_12262_6.log"}}
TpTrace Verbose: 0 : 7112, 8, 2021/09/22, 23:30:36.369, 2210618459722, testhost.dll, TcpClientExtensions.MessageLoopAsync: Polling on remoteEndPoint: [::ffff:127.0.0.1]:57311 localEndPoint: [::ffff:127.0.0.1]:57312
TpTrace Verbose: 0 : 7112, 8, 2021/09/22, 23:30:36.369, 2210618460388, testhost.dll, TcpClientExtensions.MessageLoopAsync: NotifyDataAvailable remoteEndPoint: [::ffff:127.0.0.1]:57311 localEndPoint: [::ffff:127.0.0.1]:57312
TpTrace Information: 0 : 7112, 8, 2021/09/22, 23:30:36.371, 2210618483653, testhost.dll, TestRequestHandler.ProcessRequests: received message: (TestExecution.Initialize) -> [
  "D:\\IsmaPCBlanco\\Documentos\\ISMA\\Semestre 2021-2\\Diseño dirigido por pruebas\\Proyectos\\PracticaParcial1\\PracticaParcial1\\bin\\Debug\\net5.0\\fine-code-coverage\\build-output\\NUnit3.TestAdapter.dll"
]
TpTrace Information: 0 : 7112, 8, 2021/09/22, 23:30:36.371, 2210618484325, testhost.dll, Execution Session Initialize.
TpTrace Verbose: 0 : 7112, 8, 2021/09/22, 23:30:36.376, 2210618528356, testhost.dll, TcpClientExtensions.MessageLoopAsync: Polling on remoteEndPoint: [::ffff:127.0.0.1]:57311 localEndPoint: [::ffff:127.0.0.1]:57312
TpTrace Verbose: 0 : 7112, 8, 2021/09/22, 23:30:36.376, 2210618529246, testhost.dll, TcpClientExtensions.MessageLoopAsync: NotifyDataAvailable remoteEndPoint: [::ffff:127.0.0.1]:57311 localEndPoint: [::ffff:127.0.0.1]:57312
TpTrace Verbose: 0 : 7112, 4, 2021/09/22, 23:30:36.377, 2210618544883, testhost.dll, TestExecutorService: Loading the extensions
TpTrace Information: 0 : 7112, 8, 2021/09/22, 23:30:36.378, 2210618548977, testhost.dll, TestRequestHandler.ProcessRequests: received message: (TestExecution.StartWithSources) -> {
  "AdapterSourceMap": {
    "_none_": [
      "D:\\IsmaPCBlanco\\Documentos\\ISMA\\Semestre 2021-2\\Diseño dirigido por pruebas\\Proyectos\\PracticaParcial1\\PracticaParcial1\\bin\\Debug\\net5.0\\fine-code-coverage\\build-output\\PracticaParcial1.dll"
    ]
  },
  "RunSettings": "<RunSettings>\r\n  <RunConfiguration>\r\n    <ResultsDirectory>D:\\IsmaPCBlanco\\Documentos\\ISMA\\Semestre 2021-2\\Diseño dirigido por pruebas\\Proyectos\\PracticaParcial1\\PracticaParcial1\\bin\\Debug\\net5.0\\fine-code-coverage\\coverage-tool-output</ResultsDirectory>\r\n    <TargetPlatform>X64</TargetPlatform>\r\n    <TargetFrameworkVersion>.NETCoreApp,Version=v5.0</TargetFrameworkVersion>\r\n    <DesignMode>False</DesignMode>\r\n    <CollectSourceInformation>False</CollectSourceInformation>\r\n  </RunConfiguration>\r\n  <LoggerRunSettings>\r\n    <Loggers>\r\n      <Logger friendlyName=\"blame\" enabled=\"True\" />\r\n      <Logger friendlyName=\"Console\" uri=\"logger://microsoft/TestPlatform/ConsoleLogger/v1\" assemblyQualifiedName=\"Microsoft.VisualStudio.TestPlatform.CommandLine.Internal.ConsoleLogger, vstest.console, Version=15.0.0.0, Culture=neutral, PublicKeyToken=b03f5f7f11d50a3a\" codeBase=\"C:\\Program Files\\dotnet\\sdk\\5.0.301\\vstest.console.dll\" enabled=\"True\" />\r\n    </Loggers>\r\n  </LoggerRunSettings>\r\n  <DataCollectionRunSettings>\r\n    <DataCollectors>\r\n      <DataCollector friendlyName=\"blame\" enabled=\"True\">\r\n        <Configuration>\r\n          <ResultsDirectory>D:\\IsmaPCBlanco\\Documentos\\ISMA\\Semestre 2021-2\\Diseño dirigido por pruebas\\Proyectos\\PracticaParcial1\\PracticaParcial1\\bin\\Debug\\net5.0\\fine-code-coverage\\coverage-tool-output</ResultsDirectory>\r\n        </Configuration>\r\n      </DataCollector>\r\n    </DataCollectors>\r\n  </DataCollectionRunSettings>\r\n</RunSettings>",
  "TestExecutionContext": {
    "FrequencyOfRunStatsChangeEvent": 10,
    "RunStatsChangeEventTimeout": "00:00:01.5000000",
    "InIsolation": false,
    "KeepAlive": false,
    "AreTestCaseLevelEventsRequired": false,
    "IsDebug": false,
    "TestCaseFilter": null,
    "FilterOptions": null
  },
  "Package": null
}
TpTrace Information: 0 : 7112, 8, 2021/09/22, 23:30:36.378, 2210618549727, testhost.dll, Execution started.
TpTrace Verbose: 0 : 7112, 4, 2021/09/22, 23:30:36.379, 2210618556945, testhost.dll, TestPluginCache.DiscoverTestExtensions: finding test extensions in assemblies ends with: TestAdapter.dll TPluginInfo: Microsoft.VisualStudio.TestPlatform.Common.ExtensionFramework.Utilities.TestExecutorPluginInformation TExtension: Microsoft.VisualStudio.TestPlatform.ObjectModel.Adapter.ITestExecutor
TpTrace Verbose: 0 : 7112, 4, 2021/09/22, 23:30:36.379, 2210618564254, testhost.dll, TestPluginCache.GetExtensionPaths: Filtered extension paths: 
TpTrace Verbose: 0 : 7112, 4, 2021/09/22, 23:30:36.380, 2210618566745, testhost.dll, TestPluginCache.GetExtensionPaths: Added default extension paths: D:\IsmaPCBlanco\Documentos\ISMA\Semestre 2021-2\Diseño dirigido por pruebas\Proyectos\PracticaParcial1\PracticaParcial1\bin\Debug\net5.0\fine-code-coverage\build-output\NUnit3.TestAdapter.dll
TpTrace Verbose: 0 : 7112, 4, 2021/09/22, 23:30:36.380, 2210618567029, testhost.dll, TestPluginCache.GetExtensionPaths: Added unfilterableExtensionPaths: 
TpTrace Information: 0 : 7112, 4, 2021/09/22, 23:30:36.381, 2210618584019, testhost.dll, AssemblyResolver.ctor: Creating AssemblyResolver with searchDirectories D:\IsmaPCBlanco\Documentos\ISMA\Semestre 2021-2\Diseño dirigido por pruebas\Proyectos\PracticaParcial1\PracticaParcial1\bin\Debug\net5.0\fine-code-coverage\build-output
TpTrace Verbose: 0 : 7112, 4, 2021/09/22, 23:30:36.382, 2210618592993, testhost.dll, TestPluginCache.DiscoverTestExtensions: Discovering the extensions using extension path.
TpTrace Verbose: 0 : 7112, 4, 2021/09/22, 23:30:36.382, 2210618593866, testhost.dll, TestPluginCache.GetExtensionPaths: Filtered extension paths: 
TpTrace Verbose: 0 : 7112, 4, 2021/09/22, 23:30:36.382, 2210618594082, testhost.dll, TestPluginCache.GetExtensionPaths: Added default extension paths: D:\IsmaPCBlanco\Documentos\ISMA\Semestre 2021-2\Diseño dirigido por pruebas\Proyectos\PracticaParcial1\PracticaParcial1\bin\Debug\net5.0\fine-code-coverage\build-output\NUnit3.TestAdapter.dll
TpTrace Verbose: 0 : 7112, 4, 2021/09/22, 23:30:36.382, 2210618594237, testhost.dll, TestPluginCache.GetExtensionPaths: Added unfilterableExtensionPaths: 
TpTrace Verbose: 0 : 7112, 4, 2021/09/22, 23:30:36.382, 2210618594601, testhost.dll, TestPluginCache.DiscoverTestExtensions: Discovering the extensions using allExtensionPaths: D:\IsmaPCBlanco\Documentos\ISMA\Semestre 2021-2\Diseño dirigido por pruebas\Proyectos\PracticaParcial1\PracticaParcial1\bin\Debug\net5.0\fine-code-coverage\build-output\NUnit3.TestAdapter.dll
TpTrace Information: 0 : 7112, 4, 2021/09/22, 23:30:36.383, 2210618600948, testhost.dll, AssemblyResolver.AddSearchDirectories: Adding more searchDirectories D:\IsmaPCBlanco\Documentos\ISMA\Semestre 2021-2\Diseño dirigido por pruebas\Proyectos\PracticaParcial1\PracticaParcial1\bin\Debug\net5.0\fine-code-coverage\build-output
TpTrace Information: 0 : 7112, 4, 2021/09/22, 23:30:36.386, 2210618632973, testhost.dll, AssemblyResolver.OnResolve: NUnit3.TestAdapter: Resolving assembly.
TpTrace Information: 0 : 7112, 4, 2021/09/22, 23:30:36.387, 2210618643686, testhost.dll, AssemblyResolver.OnResolve: Resolved assembly: NUnit3.TestAdapter, from path: D:\IsmaPCBlanco\Documentos\ISMA\Semestre 2021-2\Diseño dirigido por pruebas\Proyectos\PracticaParcial1\PracticaParcial1\bin\Debug\net5.0\fine-code-coverage\build-output\NUnit3.TestAdapter.dll
TpTrace Information: 0 : 7112, 4, 2021/09/22, 23:30:36.389, 2210618664359, testhost.dll, AssemblyResolver.OnResolve: nunit.engine.api: Resolving assembly.
TpTrace Information: 0 : 7112, 4, 2021/09/22, 23:30:36.390, 2210618668516, testhost.dll, AssemblyResolver.OnResolve: Resolved assembly: nunit.engine.api, from path: D:\IsmaPCBlanco\Documentos\ISMA\Semestre 2021-2\Diseño dirigido por pruebas\Proyectos\PracticaParcial1\PracticaParcial1\bin\Debug\net5.0\fine-code-coverage\build-output\nunit.engine.api.dll
TpTrace Verbose: 0 : 7112, 4, 2021/09/22, 23:30:36.393, 2210618701344, testhost.dll, TestPluginCache: Discovered the extensions using extension path ''.
TpTrace Verbose: 0 : 7112, 4, 2021/09/22, 23:30:36.393, 2210618704486, testhost.dll, TestPluginCache: Discoverers are ''.
TpTrace Verbose: 0 : 7112, 4, 2021/09/22, 23:30:36.393, 2210618705023, testhost.dll, TestPluginCache: Executors are 'executor://NUnit3TestExecutor'.
TpTrace Verbose: 0 : 7112, 4, 2021/09/22, 23:30:36.393, 2210618705439, testhost.dll, TestPluginCache: Executors2 are ''.
TpTrace Verbose: 0 : 7112, 4, 2021/09/22, 23:30:36.393, 2210618705792, testhost.dll, TestPluginCache: Setting providers are ''.
TpTrace Verbose: 0 : 7112, 4, 2021/09/22, 23:30:36.394, 2210618706086, testhost.dll, TestPluginCache: Loggers are ''.
TpTrace Verbose: 0 : 7112, 8, 2021/09/22, 23:30:36.395, 2210618716449, testhost.dll, TcpClientExtensions.MessageLoopAsync: Polling on remoteEndPoint: [::ffff:127.0.0.1]:57311 localEndPoint: [::ffff:127.0.0.1]:57312
TpTrace Verbose: 0 : 7112, 4, 2021/09/22, 23:30:36.396, 2210618727653, testhost.dll, TestPluginCache.DiscoverTestExtensions: finding test extensions in assemblies ends with: TestAdapter.dll TPluginInfo: Microsoft.VisualStudio.TestPlatform.Common.ExtensionFramework.Utilities.TestExecutorPluginInformation2 TExtension: Microsoft.VisualStudio.TestPlatform.ObjectModel.Adapter.ITestExecutor2
TpTrace Verbose: 0 : 7112, 4, 2021/09/22, 23:30:36.396, 2210618730067, testhost.dll, TestPluginCache.GetExtensionPaths: Filtered extension paths: 
TpTrace Verbose: 0 : 7112, 4, 2021/09/22, 23:30:36.396, 2210618730568, testhost.dll, TestPluginCache.GetExtensionPaths: Added default extension paths: D:\IsmaPCBlanco\Documentos\ISMA\Semestre 2021-2\Diseño dirigido por pruebas\Proyectos\PracticaParcial1\PracticaParcial1\bin\Debug\net5.0\fine-code-coverage\build-output\NUnit3.TestAdapter.dll
TpTrace Verbose: 0 : 7112, 4, 2021/09/22, 23:30:36.396, 2210618730813, testhost.dll, TestPluginCache.GetExtensionPaths: Added unfilterableExtensionPaths: 
TpTrace Information: 0 : 7112, 4, 2021/09/22, 23:30:36.396, 2210618732366, testhost.dll, AssemblyResolver.AddSearchDirectories: Adding more searchDirectories D:\IsmaPCBlanco\Documentos\ISMA\Semestre 2021-2\Diseño dirigido por pruebas\Proyectos\PracticaParcial1\PracticaParcial1\bin\Debug\net5.0\fine-code-coverage\build-output
TpTrace Verbose: 0 : 7112, 4, 2021/09/22, 23:30:36.396, 2210618732800, testhost.dll, TestPluginCache.DiscoverTestExtensions: Discovering the extensions using extension path.
TpTrace Verbose: 0 : 7112, 4, 2021/09/22, 23:30:36.396, 2210618733089, testhost.dll, TestPluginCache.GetExtensionPaths: Filtered extension paths: 
TpTrace Verbose: 0 : 7112, 4, 2021/09/22, 23:30:36.396, 2210618733285, testhost.dll, TestPluginCache.GetExtensionPaths: Added default extension paths: D:\IsmaPCBlanco\Documentos\ISMA\Semestre 2021-2\Diseño dirigido por pruebas\Proyectos\PracticaParcial1\PracticaParcial1\bin\Debug\net5.0\fine-code-coverage\build-output\NUnit3.TestAdapter.dll
TpTrace Verbose: 0 : 7112, 4, 2021/09/22, 23:30:36.396, 2210618733479, testhost.dll, TestPluginCache.GetExtensionPaths: Added unfilterableExtensionPaths: 
TpTrace Verbose: 0 : 7112, 4, 2021/09/22, 23:30:36.396, 2210618733766, testhost.dll, TestPluginCache.DiscoverTestExtensions: Discovering the extensions using allExtensionPaths: D:\IsmaPCBlanco\Documentos\ISMA\Semestre 2021-2\Diseño dirigido por pruebas\Proyectos\PracticaParcial1\PracticaParcial1\bin\Debug\net5.0\fine-code-coverage\build-output\NUnit3.TestAdapter.dll
TpTrace Information: 0 : 7112, 4, 2021/09/22, 23:30:36.396, 2210618734126, testhost.dll, AssemblyResolver.AddSearchDirectories: Adding more searchDirectories D:\IsmaPCBlanco\Documentos\ISMA\Semestre 2021-2\Diseño dirigido por pruebas\Proyectos\PracticaParcial1\PracticaParcial1\bin\Debug\net5.0\fine-code-coverage\build-output
TpTrace Verbose: 0 : 7112, 4, 2021/09/22, 23:30:36.397, 2210618737371, testhost.dll, TestPluginCache: Discovered the extensions using extension path ''.
TpTrace Verbose: 0 : 7112, 4, 2021/09/22, 23:30:36.397, 2210618737762, testhost.dll, TestPluginCache: Discoverers are ''.
TpTrace Verbose: 0 : 7112, 4, 2021/09/22, 23:30:36.397, 2210618738049, testhost.dll, TestPluginCache: Executors are 'executor://NUnit3TestExecutor'.
TpTrace Verbose: 0 : 7112, 4, 2021/09/22, 23:30:36.397, 2210618739175, testhost.dll, TestPluginCache: Executors2 are ''.
TpTrace Verbose: 0 : 7112, 4, 2021/09/22, 23:30:36.397, 2210618739415, testhost.dll, TestPluginCache: Setting providers are ''.
TpTrace Verbose: 0 : 7112, 4, 2021/09/22, 23:30:36.397, 2210618739560, testhost.dll, TestPluginCache: Loggers are ''.
TpTrace Information: 0 : 7112, 4, 2021/09/22, 23:30:36.402, 2210618787650, testhost.dll, TestPluginManager.CreateTestExtension: Attempting to load test extension: NUnit.VisualStudio.TestAdapter.NUnit3TestExecutor
TpTrace Verbose: 0 : 7112, 4, 2021/09/22, 23:30:36.402, 2210618794145, testhost.dll, TestExecutorExtensionManager: Loading executor NUnit.VisualStudio.TestAdapter.NUnit3TestExecutor
TpTrace Verbose: 0 : 7112, 4, 2021/09/22, 23:30:36.402, 2210618794806, testhost.dll, TestExecutorService: Loaded the executors
TpTrace Verbose: 0 : 7112, 4, 2021/09/22, 23:30:36.403, 2210618801612, testhost.dll, TestPluginCache.DiscoverTestExtensions: finding test extensions in assemblies ends with: TestAdapter.dll TPluginInfo: Microsoft.VisualStudio.TestPlatform.Common.ExtensionFramework.Utilities.TestSettingsProviderPluginInformation TExtension: Microsoft.VisualStudio.TestPlatform.ObjectModel.Adapter.ISettingsProvider
TpTrace Verbose: 0 : 7112, 4, 2021/09/22, 23:30:36.403, 2210618802235, testhost.dll, TestPluginCache.GetExtensionPaths: Filtered extension paths: 
TpTrace Verbose: 0 : 7112, 4, 2021/09/22, 23:30:36.403, 2210618802460, testhost.dll, TestPluginCache.GetExtensionPaths: Added default extension paths: D:\IsmaPCBlanco\Documentos\ISMA\Semestre 2021-2\Diseño dirigido por pruebas\Proyectos\PracticaParcial1\PracticaParcial1\bin\Debug\net5.0\fine-code-coverage\build-output\NUnit3.TestAdapter.dll
TpTrace Verbose: 0 : 7112, 4, 2021/09/22, 23:30:36.403, 2210618802608, testhost.dll, TestPluginCache.GetExtensionPaths: Added unfilterableExtensionPaths: 
TpTrace Information: 0 : 7112, 4, 2021/09/22, 23:30:36.403, 2210618803556, testhost.dll, AssemblyResolver.AddSearchDirectories: Adding more searchDirectories D:\IsmaPCBlanco\Documentos\ISMA\Semestre 2021-2\Diseño dirigido por pruebas\Proyectos\PracticaParcial1\PracticaParcial1\bin\Debug\net5.0\fine-code-coverage\build-output
TpTrace Verbose: 0 : 7112, 4, 2021/09/22, 23:30:36.403, 2210618803762, testhost.dll, TestPluginCache.DiscoverTestExtensions: Discovering the extensions using extension path.
TpTrace Verbose: 0 : 7112, 4, 2021/09/22, 23:30:36.403, 2210618803937, testhost.dll, TestPluginCache.GetExtensionPaths: Filtered extension paths: 
TpTrace Verbose: 0 : 7112, 4, 2021/09/22, 23:30:36.403, 2210618804097, testhost.dll, TestPluginCache.GetExtensionPaths: Added default extension paths: D:\IsmaPCBlanco\Documentos\ISMA\Semestre 2021-2\Diseño dirigido por pruebas\Proyectos\PracticaParcial1\PracticaParcial1\bin\Debug\net5.0\fine-code-coverage\build-output\NUnit3.TestAdapter.dll
TpTrace Verbose: 0 : 7112, 4, 2021/09/22, 23:30:36.403, 2210618804234, testhost.dll, TestPluginCache.GetExtensionPaths: Added unfilterableExtensionPaths: 
TpTrace Verbose: 0 : 7112, 4, 2021/09/22, 23:30:36.403, 2210618804377, testhost.dll, TestPluginCache.DiscoverTestExtensions: Discovering the extensions using allExtensionPaths: D:\IsmaPCBlanco\Documentos\ISMA\Semestre 2021-2\Diseño dirigido por pruebas\Proyectos\PracticaParcial1\PracticaParcial1\bin\Debug\net5.0\fine-code-coverage\build-output\NUnit3.TestAdapter.dll
TpTrace Information: 0 : 7112, 4, 2021/09/22, 23:30:36.403, 2210618804623, testhost.dll, AssemblyResolver.AddSearchDirectories: Adding more searchDirectories D:\IsmaPCBlanco\Documentos\ISMA\Semestre 2021-2\Diseño dirigido por pruebas\Proyectos\PracticaParcial1\PracticaParcial1\bin\Debug\net5.0\fine-code-coverage\build-output
TpTrace Verbose: 0 : 7112, 4, 2021/09/22, 23:30:36.404, 2210618806742, testhost.dll, TestPluginCache: Discovered the extensions using extension path ''.
TpTrace Verbose: 0 : 7112, 4, 2021/09/22, 23:30:36.404, 2210618806992, testhost.dll, TestPluginCache: Discoverers are ''.
TpTrace Verbose: 0 : 7112, 4, 2021/09/22, 23:30:36.404, 2210618807197, testhost.dll, TestPluginCache: Executors are 'executor://NUnit3TestExecutor'.
TpTrace Verbose: 0 : 7112, 4, 2021/09/22, 23:30:36.404, 2210618807363, testhost.dll, TestPluginCache: Executors2 are ''.
TpTrace Verbose: 0 : 7112, 4, 2021/09/22, 23:30:36.404, 2210618807574, testhost.dll, TestPluginCache: Setting providers are ''.
TpTrace Verbose: 0 : 7112, 4, 2021/09/22, 23:30:36.404, 2210618807815, testhost.dll, TestPluginCache: Loggers are ''.
TpTrace Verbose: 0 : 7112, 4, 2021/09/22, 23:30:36.404, 2210618815452, testhost.dll, TestExecutorService: Loaded the settings providers
TpTrace Information: 0 : 7112, 4, 2021/09/22, 23:30:36.405, 2210618815952, testhost.dll, TestExecutorService: Loaded the extensions
TpTrace Information: 0 : 7112, 4, 2021/09/22, 23:30:36.421, 2210618981743, testhost.dll, AssemblyResolver.OnResolve: Microsoft.VisualStudio.TestPlatform.Common.resources: Resolving assembly.
TpTrace Information: 0 : 7112, 4, 2021/09/22, 23:30:36.421, 2210618982940, testhost.dll, AssemblyResolver.OnResolve: Microsoft.VisualStudio.TestPlatform.Common.resources: Failed to load assembly.
TpTrace Information: 0 : 7112, 4, 2021/09/22, 23:30:36.464, 2210619413323, testhost.dll, TestDiscoveryManager: Discovering tests from sources D:\IsmaPCBlanco\Documentos\ISMA\Semestre 2021-2\Diseño dirigido por pruebas\Proyectos\PracticaParcial1\PracticaParcial1\bin\Debug\net5.0\fine-code-coverage\build-output\PracticaParcial1.dll
TpTrace Verbose: 0 : 7112, 4, 2021/09/22, 23:30:36.466, 2210619429179, testhost.dll, TestPluginCache.DiscoverTestExtensions: finding test extensions in assemblies ends with: TestAdapter.dll TPluginInfo: Microsoft.VisualStudio.TestPlatform.Common.ExtensionFramework.Utilities.TestDiscovererPluginInformation TExtension: Microsoft.VisualStudio.TestPlatform.ObjectModel.Adapter.ITestDiscoverer
TpTrace Verbose: 0 : 7112, 4, 2021/09/22, 23:30:36.466, 2210619430276, testhost.dll, TestPluginCache.GetExtensionPaths: Filtered extension paths: 
TpTrace Verbose: 0 : 7112, 4, 2021/09/22, 23:30:36.466, 2210619430572, testhost.dll, TestPluginCache.GetExtensionPaths: Added default extension paths: D:\IsmaPCBlanco\Documentos\ISMA\Semestre 2021-2\Diseño dirigido por pruebas\Proyectos\PracticaParcial1\PracticaParcial1\bin\Debug\net5.0\fine-code-coverage\build-output\NUnit3.TestAdapter.dll
TpTrace Verbose: 0 : 7112, 4, 2021/09/22, 23:30:36.466, 2210619430775, testhost.dll, TestPluginCache.GetExtensionPaths: Added unfilterableExtensionPaths: 
TpTrace Information: 0 : 7112, 4, 2021/09/22, 23:30:36.466, 2210619431835, testhost.dll, AssemblyResolver.AddSearchDirectories: Adding more searchDirectories D:\IsmaPCBlanco\Documentos\ISMA\Semestre 2021-2\Diseño dirigido por pruebas\Proyectos\PracticaParcial1\PracticaParcial1\bin\Debug\net5.0\fine-code-coverage\build-output
TpTrace Verbose: 0 : 7112, 4, 2021/09/22, 23:30:36.466, 2210619432195, testhost.dll, TestPluginCache.DiscoverTestExtensions: Discovering the extensions using extension path.
TpTrace Verbose: 0 : 7112, 4, 2021/09/22, 23:30:36.466, 2210619432441, testhost.dll, TestPluginCache.GetExtensionPaths: Filtered extension paths: 
TpTrace Verbose: 0 : 7112, 4, 2021/09/22, 23:30:36.466, 2210619432654, testhost.dll, TestPluginCache.GetExtensionPaths: Added default extension paths: D:\IsmaPCBlanco\Documentos\ISMA\Semestre 2021-2\Diseño dirigido por pruebas\Proyectos\PracticaParcial1\PracticaParcial1\bin\Debug\net5.0\fine-code-coverage\build-output\NUnit3.TestAdapter.dll
TpTrace Verbose: 0 : 7112, 4, 2021/09/22, 23:30:36.466, 2210619432874, testhost.dll, TestPluginCache.GetExtensionPaths: Added unfilterableExtensionPaths: 
TpTrace Verbose: 0 : 7112, 4, 2021/09/22, 23:30:36.466, 2210619433133, testhost.dll, TestPluginCache.DiscoverTestExtensions: Discovering the extensions using allExtensionPaths: D:\IsmaPCBlanco\Documentos\ISMA\Semestre 2021-2\Diseño dirigido por pruebas\Proyectos\PracticaParcial1\PracticaParcial1\bin\Debug\net5.0\fine-code-coverage\build-output\NUnit3.TestAdapter.dll
TpTrace Information: 0 : 7112, 4, 2021/09/22, 23:30:36.466, 2210619433556, testhost.dll, AssemblyResolver.AddSearchDirectories: Adding more searchDirectories D:\IsmaPCBlanco\Documentos\ISMA\Semestre 2021-2\Diseño dirigido por pruebas\Proyectos\PracticaParcial1\PracticaParcial1\bin\Debug\net5.0\fine-code-coverage\build-output
TpTrace Information: 0 : 7112, 4, 2021/09/22, 23:30:36.468, 2210619451399, testhost.dll, AssemblyResolver.OnResolve: System.ComponentModel.Primitives.resources: Resolving assembly.
TpTrace Information: 0 : 7112, 4, 2021/09/22, 23:30:36.468, 2210619452641, testhost.dll, AssemblyResolver.OnResolve: System.ComponentModel.Primitives.resources: Failed to load assembly.
TpTrace Verbose: 0 : 7112, 4, 2021/09/22, 23:30:36.468, 2210619455634, testhost.dll, CurrentDomain_AssemblyResolve: Resolving assembly 'System.ComponentModel.Primitives.resources'.
TpTrace Information: 0 : 7112, 4, 2021/09/22, 23:30:36.469, 2210619456632, testhost.dll, AssemblyResolver.OnResolve: System.ComponentModel.Primitives.resources: Resolving assembly.
TpTrace Information: 0 : 7112, 4, 2021/09/22, 23:30:36.469, 2210619457087, testhost.dll, AssemblyResolver.OnResolve: System.ComponentModel.Primitives.resources: Resolved from cache.
TpTrace Verbose: 0 : 7112, 4, 2021/09/22, 23:30:36.469, 2210619457344, testhost.dll, CurrentDomain_AssemblyResolve: Resolving assembly 'System.ComponentModel.Primitives.resources'.
TpTrace Verbose: 0 : 7112, 4, 2021/09/22, 23:30:36.469, 2210619457710, testhost.dll, CurrentDomainAssemblyResolve: Failed to resolve assembly 'System.ComponentModel.Primitives.resources'.
TpTrace Verbose: 0 : 7112, 4, 2021/09/22, 23:30:36.469, 2210619464807, testhost.dll, CurrentDomainAssemblyResolve: Failed to resolve assembly 'System.ComponentModel.Primitives.resources'.
TpTrace Information: 0 : 7112, 4, 2021/09/22, 23:30:36.470, 2210619468051, testhost.dll, AssemblyResolver.OnResolve: System.ComponentModel.Primitives.resources: Resolving assembly.
TpTrace Information: 0 : 7112, 4, 2021/09/22, 23:30:36.470, 2210619468331, testhost.dll, AssemblyResolver.OnResolve: System.ComponentModel.Primitives.resources: Resolved from cache.
TpTrace Verbose: 0 : 7112, 4, 2021/09/22, 23:30:36.470, 2210619468570, testhost.dll, CurrentDomain_AssemblyResolve: Resolving assembly 'System.ComponentModel.Primitives.resources'.
TpTrace Verbose: 0 : 7112, 4, 2021/09/22, 23:30:36.470, 2210619468717, testhost.dll, CurrentDomainAssemblyResolve: Failed to resolve assembly 'System.ComponentModel.Primitives.resources'.
TpTrace Verbose: 0 : 7112, 4, 2021/09/22, 23:30:36.470, 2210619475722, testhost.dll, TestPluginCache: Discovered the extensions using extension path ''.
TpTrace Verbose: 0 : 7112, 4, 2021/09/22, 23:30:36.471, 2210619476402, testhost.dll, TestPluginCache: Discoverers are 'NUnit.VisualStudio.TestAdapter.NUnit3TestDiscoverer, NUnit3.TestAdapter, Version=3.17.0.0, Culture=neutral, PublicKeyToken=4cb40d35494691ac'.
TpTrace Verbose: 0 : 7112, 4, 2021/09/22, 23:30:36.471, 2210619476685, testhost.dll, TestPluginCache: Executors are 'executor://NUnit3TestExecutor'.
TpTrace Verbose: 0 : 7112, 4, 2021/09/22, 23:30:36.471, 2210619476924, testhost.dll, TestPluginCache: Executors2 are ''.
TpTrace Verbose: 0 : 7112, 4, 2021/09/22, 23:30:36.471, 2210619477137, testhost.dll, TestPluginCache: Setting providers are ''.
TpTrace Verbose: 0 : 7112, 4, 2021/09/22, 23:30:36.471, 2210619477340, testhost.dll, TestPluginCache: Loggers are ''.
TpTrace Information: 0 : 7112, 4, 2021/09/22, 23:30:36.477, 2210619543414, testhost.dll, PEReaderHelper.GetAssemblyType: Determined assemblyType:'Managed' for source: 'D:\IsmaPCBlanco\Documentos\ISMA\Semestre 2021-2\Diseño dirigido por pruebas\Proyectos\PracticaParcial1\PracticaParcial1\bin\Debug\net5.0\fine-code-coverage\build-output\PracticaParcial1.dll'
TpTrace Verbose: 0 : 7112, 4, 2021/09/22, 23:30:36.482, 2210619595679, testhost.dll, BaseRunTests.RunTestInternalWithExecutors: Running tests for executor://NUnit3TestExecutor
TpTrace Information: 0 : 7112, 4, 2021/09/22, 23:30:36.484, 2210619608039, testhost.dll, AssemblyResolver.OnResolve: nunit.engine: Resolving assembly.
TpTrace Information: 0 : 7112, 4, 2021/09/22, 23:30:36.484, 2210619612868, testhost.dll, AssemblyResolver.OnResolve: Resolved assembly: nunit.engine, from path: D:\IsmaPCBlanco\Documentos\ISMA\Semestre 2021-2\Diseño dirigido por pruebas\Proyectos\PracticaParcial1\PracticaParcial1\bin\Debug\net5.0\fine-code-coverage\build-output\nunit.engine.dll
TpTrace Information: 0 : 7112, 4, 2021/09/22, 23:30:36.484, 2210619613897, testhost.dll, AssemblyResolver.OnResolve: nunit.engine.core: Resolving assembly.
TpTrace Information: 0 : 7112, 4, 2021/09/22, 23:30:36.485, 2210619617495, testhost.dll, AssemblyResolver.OnResolve: Resolved assembly: nunit.engine.core, from path: D:\IsmaPCBlanco\Documentos\ISMA\Semestre 2021-2\Diseño dirigido por pruebas\Proyectos\PracticaParcial1\PracticaParcial1\bin\Debug\net5.0\fine-code-coverage\build-output\nunit.engine.core.dll
TpTrace Information: 0 : 7112, 4, 2021/09/22, 23:30:36.492, 2210619692706, testhost.dll, NUnit Adapter 3.17.0.0: Test execution started
TpTrace Verbose: 0 : 7112, 4, 2021/09/22, 23:30:36.492, 2210619694435, testhost.dll, TestRequestHandler.SendData:  sending data from testhost: {"Version":5,"MessageType":"TestSession.Message","Payload":{"MessageLevel":0,"Message":"NUnit Adapter 3.17.0.0: Test execution started"}}
TpTrace Information: 0 : 7112, 4, 2021/09/22, 23:30:36.518, 2210619954248, testhost.dll, Running all tests in D:\IsmaPCBlanco\Documentos\ISMA\Semestre 2021-2\Diseño dirigido por pruebas\Proyectos\PracticaParcial1\PracticaParcial1\bin\Debug\net5.0\fine-code-coverage\build-output\PracticaParcial1.dll
TpTrace Verbose: 0 : 7112, 4, 2021/09/22, 23:30:36.518, 2210619955627, testhost.dll, TestRequestHandler.SendData:  sending data from testhost: {"Version":5,"MessageType":"TestSession.Message","Payload":{"MessageLevel":0,"Message":"Running all tests in D:\\IsmaPCBlanco\\Documentos\\ISMA\\Semestre 2021-2\\Diseño dirigido por pruebas\\Proyectos\\PracticaParcial1\\PracticaParcial1\\bin\\Debug\\net5.0\\fine-code-coverage\\build-output\\PracticaParcial1.dll"}}
TpTrace Information: 0 : 7112, 4, 2021/09/22, 23:30:36.526, 2210620029340, testhost.dll, AssemblyResolver.OnResolve: Mono.Cecil: Resolving assembly.
TpTrace Information: 0 : 7112, 4, 2021/09/22, 23:30:36.526, 2210620030943, testhost.dll, AssemblyResolver.OnResolve: Mono.Cecil: Failed to load assembly.
TpTrace Information: 0 : 7112, 4, 2021/09/22, 23:30:36.654, 2210621307836, testhost.dll,    NUnit3TestExecutor discovered 2 of 2 NUnit test cases
TpTrace Verbose: 0 : 7112, 4, 2021/09/22, 23:30:36.654, 2210621309112, testhost.dll, TestRequestHandler.SendData:  sending data from testhost: {"Version":5,"MessageType":"TestSession.Message","Payload":{"MessageLevel":0,"Message":"   NUnit3TestExecutor discovered 2 of 2 NUnit test cases"}}
TpTrace Verbose: 0 : 7112, 12, 2021/09/22, 23:30:36.674, 2210621512328, testhost.dll, TestExecutionRecorder.RecordStart: Starting test: PracticaParcial1.Practica.NoPuedeConsignarValorMenosUno.
TpTrace Verbose: 0 : 7112, 12, 2021/09/22, 23:30:36.700, 2210621771514, testhost.dll, TestExecutionRecorder.RecordEnd: test: PracticaParcial1.Practica.NoPuedeConsignarValorMenosUno execution completed.
TpTrace Verbose: 0 : 7112, 12, 2021/09/22, 23:30:36.714, 2210621906045, testhost.dll, TestExecutionRecorder.RecordResult: Received result for test: PracticaParcial1.Practica.NoPuedeConsignarValorMenosUno.
TpTrace Warning: 0 : 7112, 12, 2021/09/22, 23:30:36.716, 2210621933434, testhost.dll, TestRunCache: InProgressTests is null
TpTrace Warning: 0 : 7112, 12, 2021/09/22, 23:30:36.716, 2210621934626, testhost.dll, TestRunCache: No test found corresponding to testResult 'NoPuedeConsignarValorMenosUno' in inProgress list.
TpTrace Verbose: 0 : 7112, 12, 2021/09/22, 23:30:36.717, 2210621936136, testhost.dll, TestExecutionRecorder.RecordStart: Starting test: PracticaParcial1.Practica.PuedeHacerConsignacionInicialCorrecta.
TpTrace Verbose: 0 : 7112, 12, 2021/09/22, 23:30:36.718, 2210621947823, testhost.dll, TestExecutionRecorder.RecordEnd: test: PracticaParcial1.Practica.PuedeHacerConsignacionInicialCorrecta execution completed.
TpTrace Verbose: 0 : 7112, 12, 2021/09/22, 23:30:36.718, 2210621955098, testhost.dll, TestExecutionRecorder.RecordResult: Received result for test: PracticaParcial1.Practica.PuedeHacerConsignacionInicialCorrecta.
TpTrace Warning: 0 : 7112, 12, 2021/09/22, 23:30:36.718, 2210621955625, testhost.dll, TestRunCache: InProgressTests is null
TpTrace Warning: 0 : 7112, 12, 2021/09/22, 23:30:36.718, 2210621955801, testhost.dll, TestRunCache: No test found corresponding to testResult 'PuedeHacerConsignacionInicialCorrecta' in inProgress list.
TpTrace Information: 0 : 7112, 4, 2021/09/22, 23:30:36.721, 2210621982207, testhost.dll, NUnit Adapter 3.17.0.0: Test execution complete
TpTrace Verbose: 0 : 7112, 4, 2021/09/22, 23:30:36.721, 2210621982945, testhost.dll, TestRequestHandler.SendData:  sending data from testhost: {"Version":5,"MessageType":"TestSession.Message","Payload":{"MessageLevel":0,"Message":"NUnit Adapter 3.17.0.0: Test execution complete"}}
TpTrace Verbose: 0 : 7112, 4, 2021/09/22, 23:30:36.725, 2210622024174, testhost.dll, BaseRunTests.RunTestInternalWithExecutors: Completed running tests for executor://NUnit3TestExecutor
TpTrace Information: 0 : 7112, 4, 2021/09/22, 23:30:36.728, 2210622049452, testhost.dll, Sending test run complete
TpTrace Verbose: 0 : 7112, 4, 2021/09/22, 23:30:36.755, 2210622325305, testhost.dll, TestRequestHandler.SendData:  sending data from testhost: {"Version":5,"MessageType":"TestExecution.Completed","Payload":{"TestRunCompleteArgs":{"TestRunStatistics":{"ExecutedTests":2,"Stats":{"Passed":2}},"IsCanceled":false,"IsAborted":false,"Error":null,"AttachmentSets":[],"ElapsedTimeInRunningTests":"00:00:00.2464857","Metrics":{}},"LastRunTests":{"NewTestResults":[{"TestCase":{"Id":"a8fecf37-ca3f-81c5-5029-b2a51d969025","FullyQualifiedName":"PracticaParcial1.Practica.NoPuedeConsignarValorMenosUno","DisplayName":"NoPuedeConsignarValorMenosUno","ExecutorUri":"executor://NUnit3TestExecutor","Source":"D:\\IsmaPCBlanco\\Documentos\\ISMA\\Semestre 2021-2\\Diseño dirigido por pruebas\\Proyectos\\PracticaParcial1\\PracticaParcial1\\bin\\Debug\\net5.0\\fine-code-coverage\\build-output\\PracticaParcial1.dll","CodeFilePath":null,"LineNumber":0,"Properties":[]},"Attachments":[],"Outcome":1,"ErrorMessage":null,"ErrorStackTrace":null,"DisplayName":"NoPuedeConsignarValorMenosUno","Messages":[],"ComputerName":"DESKTOP-FFMH835","Duration":"00:00:00.0052000","StartTime":"2021-09-23T04:30:36.6740908+00:00","EndTime":"2021-09-23T04:30:36.67923+00:00","Properties":[]},{"TestCase":{"Id":"c36dc4a8-2a36-d6e6-96ac-33f4327fe830","FullyQualifiedName":"PracticaParcial1.Practica.PuedeHacerConsignacionInicialCorrecta","DisplayName":"PuedeHacerConsignacionInicialCorrecta","ExecutorUri":"executor://NUnit3TestExecutor","Source":"D:\\IsmaPCBlanco\\Documentos\\ISMA\\Semestre 2021-2\\Diseño dirigido por pruebas\\Proyectos\\PracticaParcial1\\PracticaParcial1\\bin\\Debug\\net5.0\\fine-code-coverage\\build-output\\PracticaParcial1.dll","CodeFilePath":null,"LineNumber":0,"Properties":[]},"Attachments":[],"Outcome":1,"ErrorMessage":null,"ErrorStackTrace":null,"DisplayName":"PuedeHacerConsignacionInicialCorrecta","Messages":[],"ComputerName":"DESKTOP-FFMH835","Duration":"00:00:00.0030880","StartTime":"2021-09-23T04:30:36.6803537+00:00","EndTime":"2021-09-23T04:30:36.6834419+00:00","Properties":[]}],"TestRunStatistics":{"ExecutedTests":2,"Stats":{"Passed":2}},"ActiveTests":[]},"RunAttachments":[],"ExecutorUris":["executor://nunit3testexecutor/"]}}
TpTrace Verbose: 0 : 7112, 4, 2021/09/22, 23:30:36.756, 2210622328286, testhost.dll, BaseRunTests.RunTests: Run is complete.
TpTrace Verbose: 0 : 7112, 8, 2021/09/22, 23:30:36.758, 2210622351712, testhost.dll, TcpClientExtensions.MessageLoopAsync: NotifyDataAvailable remoteEndPoint: [::ffff:127.0.0.1]:57311 localEndPoint: [::ffff:127.0.0.1]:57312
TpTrace Information: 0 : 7112, 8, 2021/09/22, 23:30:36.758, 2210622353092, testhost.dll, TestRequestHandler.ProcessRequests: received message: (TestSession.Terminate) -> null
TpTrace Information: 0 : 7112, 8, 2021/09/22, 23:30:36.758, 2210622353869, testhost.dll, Session End message received from server. Closing the connection.
TpTrace Information: 0 : 7112, 8, 2021/09/22, 23:30:36.759, 2210622356649, testhost.dll, SocketClient.Stop: Stop communication from server endpoint: 127.0.0.1:057311
TpTrace Information: 0 : 7112, 8, 2021/09/22, 23:30:36.759, 2210622356921, testhost.dll, SocketClient: Stop: Cancellation requested. Stopping message loop.
TpTrace Verbose: 0 : 7112, 8, 2021/09/22, 23:30:36.759, 2210622357826, testhost.dll, LengthPrefixCommunicationChannel.Dispose: Dispose reader and writer.
TpTrace Information: 0 : 7112, 8, 2021/09/22, 23:30:36.759, 2210622358076, testhost.dll, Closing the connection !
TpTrace Information: 0 : 7112, 8, 2021/09/22, 23:30:36.759, 2210622359376, testhost.dll, SocketClient.PrivateStop: Stop communication from server endpoint: 127.0.0.1:057311, error:
TpTrace Information: 0 : 7112, 1, 2021/09/22, 23:30:36.759, 2210622364574, testhost.dll, Closing the connection !
TpTrace Verbose: 0 : 7112, 8, 2021/09/22, 23:30:36.759, 2210622364592, testhost.dll, LengthPrefixCommunicationChannel.Dispose: Dispose reader and writer.
TpTrace Verbose: 0 : 7112, 8, 2021/09/22, 23:30:36.759, 2210622365403, testhost.dll, TcpClientExtensions.MessageLoopAsync: exiting MessageLoopAsync remoteEndPoint: [::ffff:127.0.0.1]:57311 localEndPoint: [::ffff:127.0.0.1]:57312
TpTrace Information: 0 : 7112, 1, 2021/09/22, 23:30:36.759, 2210622365065, testhost.dll, SocketClient.Stop: Stop communication from server endpoint: 127.0.0.1:057311
TpTrace Verbose: 0 : 7112, 1, 2021/09/22, 23:30:36.760, 2210622366335, testhost.dll, LengthPrefixCommunicationChannel.Dispose: Dispose reader and writer.
TpTrace Information: 0 : 7112, 1, 2021/09/22, 23:30:36.760, 2210622366981, testhost.dll, Testhost process exiting.
