TpTrace Verbose: 0 : 10848, 1, 2021/09/22, 23:48:03.120, 2221085976393, testhost.dll, Version: 16.9.4
TpTrace Information: 0 : 10848, 1, 2021/09/22, 23:48:03.124, 2221086010143, testhost.dll, DefaultEngineInvoker.Invoke: Testhost process started with args :[--port, 58293],[--endpoint, 127.0.0.1:058293],[--role, client],[--parentprocessid, 14400],[--diag, D:\IsmaPCBlanco\Documentos\ISMA\Semestre 2021-2\Diseño dirigido por pruebas\Proyectos\PracticaParcial1\PracticaParcial1\bin\Debug\net5.0\fine-code-coverage\coverage-tool-output\diagnostics.host.21-09-22_23-48-03_01354_4.log],[--tracelevel, 4],[--datacollectionport, 58292],[--telemetryoptedin, false]
TpTrace Information: 0 : 10848, 1, 2021/09/22, 23:48:03.126, 2221086027930, testhost.dll, Setting up debug trace listener.
TpTrace Verbose: 0 : 10848, 1, 2021/09/22, 23:48:03.126, 2221086029468, testhost.dll, TestPlatformTraceListener.Setup: Replacing listener 0 with TestHostTraceListener.
TpTrace Verbose: 0 : 10848, 1, 2021/09/22, 23:48:03.126, 2221086029853, testhost.dll, TestPlatformTraceListener.Setup: Added test platform trace listener.
TpTrace Information: 0 : 10848, 1, 2021/09/22, 23:48:03.126, 2221086034182, testhost.dll, DefaultEngineInvoker.SetParentProcessExitCallback: Monitoring parent process with id: '14400'
TpTrace Information: 0 : 10848, 1, 2021/09/22, 23:48:03.131, 2221086080030, testhost.dll, DefaultEngineInvoker.GetConnectionInfo: Initialize communication on endpoint address: '127.0.0.1:058293'
TpTrace Information: 0 : 10848, 1, 2021/09/22, 23:48:03.140, 2221086171469, testhost.dll, SocketClient.Start: connecting to server endpoint: 127.0.0.1:058293
TpTrace Information: 0 : 10848, 1, 2021/09/22, 23:48:03.145, 2221086225716, testhost.dll, DefaultEngineInvoker.ConnectToDatacollector: Connecting to datacollector, port: 58292
TpTrace Information: 0 : 10848, 9, 2021/09/22, 23:48:03.146, 2221086234649, testhost.dll, SocketClient.OnServerConnected: connected to server endpoint: 127.0.0.1:058293
TpTrace Verbose: 0 : 10848, 9, 2021/09/22, 23:48:03.148, 2221086252697, testhost.dll, Connected to server, and starting MessageLoopAsync
TpTrace Information: 0 : 10848, 1, 2021/09/22, 23:48:03.148, 2221086255563, testhost.dll, Trying to connect to server on socket : 127.0.0.1:58292 
TpTrace Verbose: 0 : 10848, 1, 2021/09/22, 23:48:03.149, 2221086258709, testhost.dll, SocketCommunicationManager : SetupClientAsync : Attempting to connect to the server.
TpTrace Information: 0 : 10848, 10, 2021/09/22, 23:48:03.150, 2221086271244, testhost.dll, Connected to the server successfully 
TpTrace Information: 0 : 10848, 10, 2021/09/22, 23:48:03.150, 2221086271986, testhost.dll, Using the buffer size of 16384 bytes
TpTrace Verbose: 0 : 10848, 9, 2021/09/22, 23:48:03.150, 2221086273936, testhost.dll, TcpClientExtensions.MessageLoopAsync: Polling on remoteEndPoint: [::ffff:127.0.0.1]:58293 localEndPoint: [::ffff:127.0.0.1]:58294
TpTrace Verbose: 0 : 10848, 9, 2021/09/22, 23:48:03.151, 2221086276096, testhost.dll, TcpClientExtensions.MessageLoopAsync: NotifyDataAvailable remoteEndPoint: [::ffff:127.0.0.1]:58293 localEndPoint: [::ffff:127.0.0.1]:58294
TpTrace Information: 0 : 10848, 1, 2021/09/22, 23:48:03.151, 2221086276665, testhost.dll, DefaultEngineInvoker.Invoke: Start Request Processing.
TpTrace Information: 0 : 10848, 11, 2021/09/22, 23:48:03.151, 2221086281871, testhost.dll, DefaultEngineInvoker.StartProcessingAsync: Connected to vstest.console, Starting process requests.
TpTrace Information: 0 : 10848, 9, 2021/09/22, 23:48:03.238, 2221087146204, testhost.dll, TestRequestHandler.ProcessRequests: received message: (ProtocolVersion) -> 5
TpTrace Verbose: 0 : 10848, 9, 2021/09/22, 23:48:03.256, 2221087334149, testhost.dll, TestRequestHandler.SendData:  sending data from testhost: {"Version":5,"MessageType":"TestSession.Message","Payload":{"MessageLevel":0,"Message":"Registrando diagnóstico de TestHost en el archivo: D:\\IsmaPCBlanco\\Documentos\\ISMA\\Semestre 2021-2\\Diseño dirigido por pruebas\\Proyectos\\PracticaParcial1\\PracticaParcial1\\bin\\Debug\\net5.0\\fine-code-coverage\\coverage-tool-output\\diagnostics.host.21-09-22_23-48-03_01354_4.log"}}
TpTrace Verbose: 0 : 10848, 9, 2021/09/22, 23:48:03.257, 2221087338982, testhost.dll, TcpClientExtensions.MessageLoopAsync: Polling on remoteEndPoint: [::ffff:127.0.0.1]:58293 localEndPoint: [::ffff:127.0.0.1]:58294
TpTrace Verbose: 0 : 10848, 9, 2021/09/22, 23:48:03.257, 2221087339524, testhost.dll, TcpClientExtensions.MessageLoopAsync: NotifyDataAvailable remoteEndPoint: [::ffff:127.0.0.1]:58293 localEndPoint: [::ffff:127.0.0.1]:58294
TpTrace Information: 0 : 10848, 9, 2021/09/22, 23:48:03.259, 2221087363396, testhost.dll, TestRequestHandler.ProcessRequests: received message: (TestExecution.Initialize) -> [
  "D:\\IsmaPCBlanco\\Documentos\\ISMA\\Semestre 2021-2\\Diseño dirigido por pruebas\\Proyectos\\PracticaParcial1\\PracticaParcial1\\bin\\Debug\\net5.0\\fine-code-coverage\\build-output\\NUnit3.TestAdapter.dll"
]
TpTrace Information: 0 : 10848, 9, 2021/09/22, 23:48:03.259, 2221087364075, testhost.dll, Execution Session Initialize.
TpTrace Verbose: 0 : 10848, 9, 2021/09/22, 23:48:03.264, 2221087406712, testhost.dll, TcpClientExtensions.MessageLoopAsync: Polling on remoteEndPoint: [::ffff:127.0.0.1]:58293 localEndPoint: [::ffff:127.0.0.1]:58294
TpTrace Verbose: 0 : 10848, 9, 2021/09/22, 23:48:03.264, 2221087407465, testhost.dll, TcpClientExtensions.MessageLoopAsync: NotifyDataAvailable remoteEndPoint: [::ffff:127.0.0.1]:58293 localEndPoint: [::ffff:127.0.0.1]:58294
TpTrace Verbose: 0 : 10848, 4, 2021/09/22, 23:48:03.265, 2221087422580, testhost.dll, TestExecutorService: Loading the extensions
TpTrace Information: 0 : 10848, 9, 2021/09/22, 23:48:03.265, 2221087425307, testhost.dll, TestRequestHandler.ProcessRequests: received message: (TestExecution.StartWithSources) -> {
  "AdapterSourceMap": {
    "_none_": [
      "D:\\IsmaPCBlanco\\Documentos\\ISMA\\Semestre 2021-2\\Diseño dirigido por pruebas\\Proyectos\\PracticaParcial1\\PracticaParcial1\\bin\\Debug\\net5.0\\fine-code-coverage\\build-output\\PracticaParcial1.dll"
    ]
  },
  "RunSettings": "<RunSettings>\r\n  <RunConfiguration>\r\n    <ResultsDirectory>D:\\IsmaPCBlanco\\Documentos\\ISMA\\Semestre 2021-2\\Diseño dirigido por pruebas\\Proyectos\\PracticaParcial1\\PracticaParcial1\\bin\\Debug\\net5.0\\fine-code-coverage\\coverage-tool-output</ResultsDirectory>\r\n    <TargetPlatform>X64</TargetPlatform>\r\n    <TargetFrameworkVersion>.NETCoreApp,Version=v5.0</TargetFrameworkVersion>\r\n    <DesignMode>False</DesignMode>\r\n    <CollectSourceInformation>False</CollectSourceInformation>\r\n  </RunConfiguration>\r\n  <LoggerRunSettings>\r\n    <Loggers>\r\n      <Logger friendlyName=\"blame\" enabled=\"True\" />\r\n      <Logger friendlyName=\"Console\" uri=\"logger://microsoft/TestPlatform/ConsoleLogger/v1\" assemblyQualifiedName=\"Microsoft.VisualStudio.TestPlatform.CommandLine.Internal.ConsoleLogger, vstest.console, Version=15.0.0.0, Culture=neutral, PublicKeyToken=b03f5f7f11d50a3a\" codeBase=\"C:\\Program Files\\dotnet\\sdk\\5.0.301\\vstest.console.dll\" enabled=\"True\" />\r\n    </Loggers>\r\n  </LoggerRunSettings>\r\n  <DataCollectionRunSettings>\r\n    <DataCollectors>\r\n      <DataCollector friendlyName=\"blame\" enabled=\"True\">\r\n        <Configuration>\r\n          <ResultsDirectory>D:\\IsmaPCBlanco\\Documentos\\ISMA\\Semestre 2021-2\\Diseño dirigido por pruebas\\Proyectos\\PracticaParcial1\\PracticaParcial1\\bin\\Debug\\net5.0\\fine-code-coverage\\coverage-tool-output</ResultsDirectory>\r\n        </Configuration>\r\n      </DataCollector>\r\n    </DataCollectors>\r\n  </DataCollectionRunSettings>\r\n</RunSettings>",
  "TestExecutionContext": {
    "FrequencyOfRunStatsChangeEvent": 10,
    "RunStatsChangeEventTimeout": "00:00:01.5000000",
    "InIsolation": false,
    "KeepAlive": false,
    "AreTestCaseLevelEventsRequired": false,
    "IsDebug": false,
    "TestCaseFilter": null,
    "FilterOptions": null
  },
  "Package": null
}
TpTrace Information: 0 : 10848, 9, 2021/09/22, 23:48:03.266, 2221087425943, testhost.dll, Execution started.
TpTrace Verbose: 0 : 10848, 4, 2021/09/22, 23:48:03.266, 2221087433465, testhost.dll, TestPluginCache.DiscoverTestExtensions: finding test extensions in assemblies ends with: TestAdapter.dll TPluginInfo: Microsoft.VisualStudio.TestPlatform.Common.ExtensionFramework.Utilities.TestExecutorPluginInformation TExtension: Microsoft.VisualStudio.TestPlatform.ObjectModel.Adapter.ITestExecutor
TpTrace Verbose: 0 : 10848, 4, 2021/09/22, 23:48:03.267, 2221087440152, testhost.dll, TestPluginCache.GetExtensionPaths: Filtered extension paths: 
TpTrace Verbose: 0 : 10848, 4, 2021/09/22, 23:48:03.267, 2221087443190, testhost.dll, TestPluginCache.GetExtensionPaths: Added default extension paths: D:\IsmaPCBlanco\Documentos\ISMA\Semestre 2021-2\Diseño dirigido por pruebas\Proyectos\PracticaParcial1\PracticaParcial1\bin\Debug\net5.0\fine-code-coverage\build-output\NUnit3.TestAdapter.dll
TpTrace Verbose: 0 : 10848, 4, 2021/09/22, 23:48:03.267, 2221087443568, testhost.dll, TestPluginCache.GetExtensionPaths: Added unfilterableExtensionPaths: 
TpTrace Information: 0 : 10848, 4, 2021/09/22, 23:48:03.269, 2221087460556, testhost.dll, AssemblyResolver.ctor: Creating AssemblyResolver with searchDirectories D:\IsmaPCBlanco\Documentos\ISMA\Semestre 2021-2\Diseño dirigido por pruebas\Proyectos\PracticaParcial1\PracticaParcial1\bin\Debug\net5.0\fine-code-coverage\build-output
TpTrace Verbose: 0 : 10848, 4, 2021/09/22, 23:48:03.270, 2221087469485, testhost.dll, TestPluginCache.DiscoverTestExtensions: Discovering the extensions using extension path.
TpTrace Verbose: 0 : 10848, 4, 2021/09/22, 23:48:03.270, 2221087470424, testhost.dll, TestPluginCache.GetExtensionPaths: Filtered extension paths: 
TpTrace Verbose: 0 : 10848, 4, 2021/09/22, 23:48:03.270, 2221087470625, testhost.dll, TestPluginCache.GetExtensionPaths: Added default extension paths: D:\IsmaPCBlanco\Documentos\ISMA\Semestre 2021-2\Diseño dirigido por pruebas\Proyectos\PracticaParcial1\PracticaParcial1\bin\Debug\net5.0\fine-code-coverage\build-output\NUnit3.TestAdapter.dll
TpTrace Verbose: 0 : 10848, 4, 2021/09/22, 23:48:03.270, 2221087470767, testhost.dll, TestPluginCache.GetExtensionPaths: Added unfilterableExtensionPaths: 
TpTrace Verbose: 0 : 10848, 4, 2021/09/22, 23:48:03.270, 2221087471099, testhost.dll, TestPluginCache.DiscoverTestExtensions: Discovering the extensions using allExtensionPaths: D:\IsmaPCBlanco\Documentos\ISMA\Semestre 2021-2\Diseño dirigido por pruebas\Proyectos\PracticaParcial1\PracticaParcial1\bin\Debug\net5.0\fine-code-coverage\build-output\NUnit3.TestAdapter.dll
TpTrace Information: 0 : 10848, 4, 2021/09/22, 23:48:03.271, 2221087476996, testhost.dll, AssemblyResolver.AddSearchDirectories: Adding more searchDirectories D:\IsmaPCBlanco\Documentos\ISMA\Semestre 2021-2\Diseño dirigido por pruebas\Proyectos\PracticaParcial1\PracticaParcial1\bin\Debug\net5.0\fine-code-coverage\build-output
TpTrace Information: 0 : 10848, 4, 2021/09/22, 23:48:03.273, 2221087505553, testhost.dll, AssemblyResolver.OnResolve: NUnit3.TestAdapter: Resolving assembly.
TpTrace Information: 0 : 10848, 4, 2021/09/22, 23:48:03.275, 2221087516082, testhost.dll, AssemblyResolver.OnResolve: Resolved assembly: NUnit3.TestAdapter, from path: D:\IsmaPCBlanco\Documentos\ISMA\Semestre 2021-2\Diseño dirigido por pruebas\Proyectos\PracticaParcial1\PracticaParcial1\bin\Debug\net5.0\fine-code-coverage\build-output\NUnit3.TestAdapter.dll
TpTrace Information: 0 : 10848, 4, 2021/09/22, 23:48:03.276, 2221087534773, testhost.dll, AssemblyResolver.OnResolve: nunit.engine.api: Resolving assembly.
TpTrace Information: 0 : 10848, 4, 2021/09/22, 23:48:03.277, 2221087538745, testhost.dll, AssemblyResolver.OnResolve: Resolved assembly: nunit.engine.api, from path: D:\IsmaPCBlanco\Documentos\ISMA\Semestre 2021-2\Diseño dirigido por pruebas\Proyectos\PracticaParcial1\PracticaParcial1\bin\Debug\net5.0\fine-code-coverage\build-output\nunit.engine.api.dll
TpTrace Verbose: 0 : 10848, 4, 2021/09/22, 23:48:03.280, 2221087569514, testhost.dll, TestPluginCache: Discovered the extensions using extension path ''.
TpTrace Verbose: 0 : 10848, 4, 2021/09/22, 23:48:03.280, 2221087572466, testhost.dll, TestPluginCache: Discoverers are ''.
TpTrace Verbose: 0 : 10848, 4, 2021/09/22, 23:48:03.280, 2221087572961, testhost.dll, TestPluginCache: Executors are 'executor://NUnit3TestExecutor'.
TpTrace Verbose: 0 : 10848, 4, 2021/09/22, 23:48:03.280, 2221087573320, testhost.dll, TestPluginCache: Executors2 are ''.
TpTrace Verbose: 0 : 10848, 4, 2021/09/22, 23:48:03.280, 2221087573658, testhost.dll, TestPluginCache: Setting providers are ''.
TpTrace Verbose: 0 : 10848, 4, 2021/09/22, 23:48:03.280, 2221087573921, testhost.dll, TestPluginCache: Loggers are ''.
TpTrace Verbose: 0 : 10848, 9, 2021/09/22, 23:48:03.281, 2221087584734, testhost.dll, TcpClientExtensions.MessageLoopAsync: Polling on remoteEndPoint: [::ffff:127.0.0.1]:58293 localEndPoint: [::ffff:127.0.0.1]:58294
TpTrace Verbose: 0 : 10848, 4, 2021/09/22, 23:48:03.282, 2221087591929, testhost.dll, TestPluginCache.DiscoverTestExtensions: finding test extensions in assemblies ends with: TestAdapter.dll TPluginInfo: Microsoft.VisualStudio.TestPlatform.Common.ExtensionFramework.Utilities.TestExecutorPluginInformation2 TExtension: Microsoft.VisualStudio.TestPlatform.ObjectModel.Adapter.ITestExecutor2
TpTrace Verbose: 0 : 10848, 4, 2021/09/22, 23:48:03.282, 2221087594097, testhost.dll, TestPluginCache.GetExtensionPaths: Filtered extension paths: 
TpTrace Verbose: 0 : 10848, 4, 2021/09/22, 23:48:03.282, 2221087594450, testhost.dll, TestPluginCache.GetExtensionPaths: Added default extension paths: D:\IsmaPCBlanco\Documentos\ISMA\Semestre 2021-2\Diseño dirigido por pruebas\Proyectos\PracticaParcial1\PracticaParcial1\bin\Debug\net5.0\fine-code-coverage\build-output\NUnit3.TestAdapter.dll
TpTrace Verbose: 0 : 10848, 4, 2021/09/22, 23:48:03.282, 2221087594626, testhost.dll, TestPluginCache.GetExtensionPaths: Added unfilterableExtensionPaths: 
TpTrace Information: 0 : 10848, 4, 2021/09/22, 23:48:03.283, 2221087595930, testhost.dll, AssemblyResolver.AddSearchDirectories: Adding more searchDirectories D:\IsmaPCBlanco\Documentos\ISMA\Semestre 2021-2\Diseño dirigido por pruebas\Proyectos\PracticaParcial1\PracticaParcial1\bin\Debug\net5.0\fine-code-coverage\build-output
TpTrace Verbose: 0 : 10848, 4, 2021/09/22, 23:48:03.283, 2221087596237, testhost.dll, TestPluginCache.DiscoverTestExtensions: Discovering the extensions using extension path.
TpTrace Verbose: 0 : 10848, 4, 2021/09/22, 23:48:03.283, 2221087596448, testhost.dll, TestPluginCache.GetExtensionPaths: Filtered extension paths: 
TpTrace Verbose: 0 : 10848, 4, 2021/09/22, 23:48:03.283, 2221087596610, testhost.dll, TestPluginCache.GetExtensionPaths: Added default extension paths: D:\IsmaPCBlanco\Documentos\ISMA\Semestre 2021-2\Diseño dirigido por pruebas\Proyectos\PracticaParcial1\PracticaParcial1\bin\Debug\net5.0\fine-code-coverage\build-output\NUnit3.TestAdapter.dll
TpTrace Verbose: 0 : 10848, 4, 2021/09/22, 23:48:03.283, 2221087596791, testhost.dll, TestPluginCache.GetExtensionPaths: Added unfilterableExtensionPaths: 
TpTrace Verbose: 0 : 10848, 4, 2021/09/22, 23:48:03.283, 2221087596970, testhost.dll, TestPluginCache.DiscoverTestExtensions: Discovering the extensions using allExtensionPaths: D:\IsmaPCBlanco\Documentos\ISMA\Semestre 2021-2\Diseño dirigido por pruebas\Proyectos\PracticaParcial1\PracticaParcial1\bin\Debug\net5.0\fine-code-coverage\build-output\NUnit3.TestAdapter.dll
TpTrace Information: 0 : 10848, 4, 2021/09/22, 23:48:03.283, 2221087597201, testhost.dll, AssemblyResolver.AddSearchDirectories: Adding more searchDirectories D:\IsmaPCBlanco\Documentos\ISMA\Semestre 2021-2\Diseño dirigido por pruebas\Proyectos\PracticaParcial1\PracticaParcial1\bin\Debug\net5.0\fine-code-coverage\build-output
TpTrace Verbose: 0 : 10848, 4, 2021/09/22, 23:48:03.283, 2221087599162, testhost.dll, TestPluginCache: Discovered the extensions using extension path ''.
TpTrace Verbose: 0 : 10848, 4, 2021/09/22, 23:48:03.283, 2221087599462, testhost.dll, TestPluginCache: Discoverers are ''.
TpTrace Verbose: 0 : 10848, 4, 2021/09/22, 23:48:03.283, 2221087599688, testhost.dll, TestPluginCache: Executors are 'executor://NUnit3TestExecutor'.
TpTrace Verbose: 0 : 10848, 4, 2021/09/22, 23:48:03.283, 2221087600551, testhost.dll, TestPluginCache: Executors2 are ''.
TpTrace Verbose: 0 : 10848, 4, 2021/09/22, 23:48:03.283, 2221087600768, testhost.dll, TestPluginCache: Setting providers are ''.
TpTrace Verbose: 0 : 10848, 4, 2021/09/22, 23:48:03.283, 2221087600900, testhost.dll, TestPluginCache: Loggers are ''.
TpTrace Information: 0 : 10848, 4, 2021/09/22, 23:48:03.286, 2221087635365, testhost.dll, TestPluginManager.CreateTestExtension: Attempting to load test extension: NUnit.VisualStudio.TestAdapter.NUnit3TestExecutor
TpTrace Verbose: 0 : 10848, 4, 2021/09/22, 23:48:03.287, 2221087639796, testhost.dll, TestExecutorExtensionManager: Loading executor NUnit.VisualStudio.TestAdapter.NUnit3TestExecutor
TpTrace Verbose: 0 : 10848, 4, 2021/09/22, 23:48:03.287, 2221087640144, testhost.dll, TestExecutorService: Loaded the executors
TpTrace Verbose: 0 : 10848, 4, 2021/09/22, 23:48:03.287, 2221087645730, testhost.dll, TestPluginCache.DiscoverTestExtensions: finding test extensions in assemblies ends with: TestAdapter.dll TPluginInfo: Microsoft.VisualStudio.TestPlatform.Common.ExtensionFramework.Utilities.TestSettingsProviderPluginInformation TExtension: Microsoft.VisualStudio.TestPlatform.ObjectModel.Adapter.ISettingsProvider
TpTrace Verbose: 0 : 10848, 4, 2021/09/22, 23:48:03.288, 2221087646298, testhost.dll, TestPluginCache.GetExtensionPaths: Filtered extension paths: 
TpTrace Verbose: 0 : 10848, 4, 2021/09/22, 23:48:03.288, 2221087646508, testhost.dll, TestPluginCache.GetExtensionPaths: Added default extension paths: D:\IsmaPCBlanco\Documentos\ISMA\Semestre 2021-2\Diseño dirigido por pruebas\Proyectos\PracticaParcial1\PracticaParcial1\bin\Debug\net5.0\fine-code-coverage\build-output\NUnit3.TestAdapter.dll
TpTrace Verbose: 0 : 10848, 4, 2021/09/22, 23:48:03.288, 2221087646650, testhost.dll, TestPluginCache.GetExtensionPaths: Added unfilterableExtensionPaths: 
TpTrace Information: 0 : 10848, 4, 2021/09/22, 23:48:03.288, 2221087647482, testhost.dll, AssemblyResolver.AddSearchDirectories: Adding more searchDirectories D:\IsmaPCBlanco\Documentos\ISMA\Semestre 2021-2\Diseño dirigido por pruebas\Proyectos\PracticaParcial1\PracticaParcial1\bin\Debug\net5.0\fine-code-coverage\build-output
TpTrace Verbose: 0 : 10848, 4, 2021/09/22, 23:48:03.288, 2221087647676, testhost.dll, TestPluginCache.DiscoverTestExtensions: Discovering the extensions using extension path.
TpTrace Verbose: 0 : 10848, 4, 2021/09/22, 23:48:03.288, 2221087647828, testhost.dll, TestPluginCache.GetExtensionPaths: Filtered extension paths: 
TpTrace Verbose: 0 : 10848, 4, 2021/09/22, 23:48:03.288, 2221087647983, testhost.dll, TestPluginCache.GetExtensionPaths: Added default extension paths: D:\IsmaPCBlanco\Documentos\ISMA\Semestre 2021-2\Diseño dirigido por pruebas\Proyectos\PracticaParcial1\PracticaParcial1\bin\Debug\net5.0\fine-code-coverage\build-output\NUnit3.TestAdapter.dll
TpTrace Verbose: 0 : 10848, 4, 2021/09/22, 23:48:03.288, 2221087648115, testhost.dll, TestPluginCache.GetExtensionPaths: Added unfilterableExtensionPaths: 
TpTrace Verbose: 0 : 10848, 4, 2021/09/22, 23:48:03.288, 2221087648255, testhost.dll, TestPluginCache.DiscoverTestExtensions: Discovering the extensions using allExtensionPaths: D:\IsmaPCBlanco\Documentos\ISMA\Semestre 2021-2\Diseño dirigido por pruebas\Proyectos\PracticaParcial1\PracticaParcial1\bin\Debug\net5.0\fine-code-coverage\build-output\NUnit3.TestAdapter.dll
TpTrace Information: 0 : 10848, 4, 2021/09/22, 23:48:03.288, 2221087648522, testhost.dll, AssemblyResolver.AddSearchDirectories: Adding more searchDirectories D:\IsmaPCBlanco\Documentos\ISMA\Semestre 2021-2\Diseño dirigido por pruebas\Proyectos\PracticaParcial1\PracticaParcial1\bin\Debug\net5.0\fine-code-coverage\build-output
TpTrace Verbose: 0 : 10848, 4, 2021/09/22, 23:48:03.288, 2221087650136, testhost.dll, TestPluginCache: Discovered the extensions using extension path ''.
TpTrace Verbose: 0 : 10848, 4, 2021/09/22, 23:48:03.288, 2221087650392, testhost.dll, TestPluginCache: Discoverers are ''.
TpTrace Verbose: 0 : 10848, 4, 2021/09/22, 23:48:03.288, 2221087650588, testhost.dll, TestPluginCache: Executors are 'executor://NUnit3TestExecutor'.
TpTrace Verbose: 0 : 10848, 4, 2021/09/22, 23:48:03.288, 2221087650757, testhost.dll, TestPluginCache: Executors2 are ''.
TpTrace Verbose: 0 : 10848, 4, 2021/09/22, 23:48:03.288, 2221087650955, testhost.dll, TestPluginCache: Setting providers are ''.
TpTrace Verbose: 0 : 10848, 4, 2021/09/22, 23:48:03.288, 2221087651097, testhost.dll, TestPluginCache: Loggers are ''.
TpTrace Verbose: 0 : 10848, 4, 2021/09/22, 23:48:03.289, 2221087656851, testhost.dll, TestExecutorService: Loaded the settings providers
TpTrace Information: 0 : 10848, 4, 2021/09/22, 23:48:03.289, 2221087657160, testhost.dll, TestExecutorService: Loaded the extensions
TpTrace Information: 0 : 10848, 4, 2021/09/22, 23:48:03.302, 2221087790130, testhost.dll, AssemblyResolver.OnResolve: Microsoft.VisualStudio.TestPlatform.Common.resources: Resolving assembly.
TpTrace Information: 0 : 10848, 4, 2021/09/22, 23:48:03.302, 2221087791240, testhost.dll, AssemblyResolver.OnResolve: Microsoft.VisualStudio.TestPlatform.Common.resources: Failed to load assembly.
TpTrace Information: 0 : 10848, 4, 2021/09/22, 23:48:03.336, 2221088128685, testhost.dll, TestDiscoveryManager: Discovering tests from sources D:\IsmaPCBlanco\Documentos\ISMA\Semestre 2021-2\Diseño dirigido por pruebas\Proyectos\PracticaParcial1\PracticaParcial1\bin\Debug\net5.0\fine-code-coverage\build-output\PracticaParcial1.dll
TpTrace Verbose: 0 : 10848, 4, 2021/09/22, 23:48:03.337, 2221088142213, testhost.dll, TestPluginCache.DiscoverTestExtensions: finding test extensions in assemblies ends with: TestAdapter.dll TPluginInfo: Microsoft.VisualStudio.TestPlatform.Common.ExtensionFramework.Utilities.TestDiscovererPluginInformation TExtension: Microsoft.VisualStudio.TestPlatform.ObjectModel.Adapter.ITestDiscoverer
TpTrace Verbose: 0 : 10848, 4, 2021/09/22, 23:48:03.337, 2221088142962, testhost.dll, TestPluginCache.GetExtensionPaths: Filtered extension paths: 
TpTrace Verbose: 0 : 10848, 4, 2021/09/22, 23:48:03.337, 2221088143219, testhost.dll, TestPluginCache.GetExtensionPaths: Added default extension paths: D:\IsmaPCBlanco\Documentos\ISMA\Semestre 2021-2\Diseño dirigido por pruebas\Proyectos\PracticaParcial1\PracticaParcial1\bin\Debug\net5.0\fine-code-coverage\build-output\NUnit3.TestAdapter.dll
TpTrace Verbose: 0 : 10848, 4, 2021/09/22, 23:48:03.337, 2221088143368, testhost.dll, TestPluginCache.GetExtensionPaths: Added unfilterableExtensionPaths: 
TpTrace Information: 0 : 10848, 4, 2021/09/22, 23:48:03.337, 2221088144278, testhost.dll, AssemblyResolver.AddSearchDirectories: Adding more searchDirectories D:\IsmaPCBlanco\Documentos\ISMA\Semestre 2021-2\Diseño dirigido por pruebas\Proyectos\PracticaParcial1\PracticaParcial1\bin\Debug\net5.0\fine-code-coverage\build-output
TpTrace Verbose: 0 : 10848, 4, 2021/09/22, 23:48:03.337, 2221088144589, testhost.dll, TestPluginCache.DiscoverTestExtensions: Discovering the extensions using extension path.
TpTrace Verbose: 0 : 10848, 4, 2021/09/22, 23:48:03.337, 2221088144769, testhost.dll, TestPluginCache.GetExtensionPaths: Filtered extension paths: 
TpTrace Verbose: 0 : 10848, 4, 2021/09/22, 23:48:03.337, 2221088144985, testhost.dll, TestPluginCache.GetExtensionPaths: Added default extension paths: D:\IsmaPCBlanco\Documentos\ISMA\Semestre 2021-2\Diseño dirigido por pruebas\Proyectos\PracticaParcial1\PracticaParcial1\bin\Debug\net5.0\fine-code-coverage\build-output\NUnit3.TestAdapter.dll
TpTrace Verbose: 0 : 10848, 4, 2021/09/22, 23:48:03.337, 2221088145117, testhost.dll, TestPluginCache.GetExtensionPaths: Added unfilterableExtensionPaths: 
TpTrace Verbose: 0 : 10848, 4, 2021/09/22, 23:48:03.337, 2221088145298, testhost.dll, TestPluginCache.DiscoverTestExtensions: Discovering the extensions using allExtensionPaths: D:\IsmaPCBlanco\Documentos\ISMA\Semestre 2021-2\Diseño dirigido por pruebas\Proyectos\PracticaParcial1\PracticaParcial1\bin\Debug\net5.0\fine-code-coverage\build-output\NUnit3.TestAdapter.dll
TpTrace Information: 0 : 10848, 4, 2021/09/22, 23:48:03.337, 2221088145550, testhost.dll, AssemblyResolver.AddSearchDirectories: Adding more searchDirectories D:\IsmaPCBlanco\Documentos\ISMA\Semestre 2021-2\Diseño dirigido por pruebas\Proyectos\PracticaParcial1\PracticaParcial1\bin\Debug\net5.0\fine-code-coverage\build-output
TpTrace Information: 0 : 10848, 4, 2021/09/22, 23:48:03.339, 2221088158633, testhost.dll, AssemblyResolver.OnResolve: System.ComponentModel.Primitives.resources: Resolving assembly.
TpTrace Information: 0 : 10848, 4, 2021/09/22, 23:48:03.339, 2221088159359, testhost.dll, AssemblyResolver.OnResolve: System.ComponentModel.Primitives.resources: Failed to load assembly.
TpTrace Verbose: 0 : 10848, 4, 2021/09/22, 23:48:03.339, 2221088161401, testhost.dll, CurrentDomain_AssemblyResolve: Resolving assembly 'System.ComponentModel.Primitives.resources'.
TpTrace Information: 0 : 10848, 4, 2021/09/22, 23:48:03.339, 2221088161909, testhost.dll, AssemblyResolver.OnResolve: System.ComponentModel.Primitives.resources: Resolving assembly.
TpTrace Information: 0 : 10848, 4, 2021/09/22, 23:48:03.339, 2221088162129, testhost.dll, AssemblyResolver.OnResolve: System.ComponentModel.Primitives.resources: Resolved from cache.
TpTrace Verbose: 0 : 10848, 4, 2021/09/22, 23:48:03.339, 2221088162297, testhost.dll, CurrentDomain_AssemblyResolve: Resolving assembly 'System.ComponentModel.Primitives.resources'.
TpTrace Verbose: 0 : 10848, 4, 2021/09/22, 23:48:03.339, 2221088162440, testhost.dll, CurrentDomainAssemblyResolve: Failed to resolve assembly 'System.ComponentModel.Primitives.resources'.
TpTrace Verbose: 0 : 10848, 4, 2021/09/22, 23:48:03.340, 2221088168054, testhost.dll, CurrentDomainAssemblyResolve: Failed to resolve assembly 'System.ComponentModel.Primitives.resources'.
TpTrace Information: 0 : 10848, 4, 2021/09/22, 23:48:03.340, 2221088171174, testhost.dll, AssemblyResolver.OnResolve: System.ComponentModel.Primitives.resources: Resolving assembly.
TpTrace Information: 0 : 10848, 4, 2021/09/22, 23:48:03.340, 2221088171490, testhost.dll, AssemblyResolver.OnResolve: System.ComponentModel.Primitives.resources: Resolved from cache.
TpTrace Verbose: 0 : 10848, 4, 2021/09/22, 23:48:03.340, 2221088171706, testhost.dll, CurrentDomain_AssemblyResolve: Resolving assembly 'System.ComponentModel.Primitives.resources'.
TpTrace Verbose: 0 : 10848, 4, 2021/09/22, 23:48:03.340, 2221088171855, testhost.dll, CurrentDomainAssemblyResolve: Failed to resolve assembly 'System.ComponentModel.Primitives.resources'.
TpTrace Verbose: 0 : 10848, 4, 2021/09/22, 23:48:03.341, 2221088178491, testhost.dll, TestPluginCache: Discovered the extensions using extension path ''.
TpTrace Verbose: 0 : 10848, 4, 2021/09/22, 23:48:03.341, 2221088179032, testhost.dll, TestPluginCache: Discoverers are 'NUnit.VisualStudio.TestAdapter.NUnit3TestDiscoverer, NUnit3.TestAdapter, Version=3.17.0.0, Culture=neutral, PublicKeyToken=4cb40d35494691ac'.
TpTrace Verbose: 0 : 10848, 4, 2021/09/22, 23:48:03.341, 2221088179202, testhost.dll, TestPluginCache: Executors are 'executor://NUnit3TestExecutor'.
TpTrace Verbose: 0 : 10848, 4, 2021/09/22, 23:48:03.341, 2221088179349, testhost.dll, TestPluginCache: Executors2 are ''.
TpTrace Verbose: 0 : 10848, 4, 2021/09/22, 23:48:03.341, 2221088179477, testhost.dll, TestPluginCache: Setting providers are ''.
TpTrace Verbose: 0 : 10848, 4, 2021/09/22, 23:48:03.341, 2221088179600, testhost.dll, TestPluginCache: Loggers are ''.
TpTrace Information: 0 : 10848, 4, 2021/09/22, 23:48:03.346, 2221088231897, testhost.dll, PEReaderHelper.GetAssemblyType: Determined assemblyType:'Managed' for source: 'D:\IsmaPCBlanco\Documentos\ISMA\Semestre 2021-2\Diseño dirigido por pruebas\Proyectos\PracticaParcial1\PracticaParcial1\bin\Debug\net5.0\fine-code-coverage\build-output\PracticaParcial1.dll'
TpTrace Verbose: 0 : 10848, 4, 2021/09/22, 23:48:03.350, 2221088271162, testhost.dll, BaseRunTests.RunTestInternalWithExecutors: Running tests for executor://NUnit3TestExecutor
TpTrace Information: 0 : 10848, 4, 2021/09/22, 23:48:03.351, 2221088281445, testhost.dll, AssemblyResolver.OnResolve: nunit.engine: Resolving assembly.
TpTrace Information: 0 : 10848, 4, 2021/09/22, 23:48:03.351, 2221088285091, testhost.dll, AssemblyResolver.OnResolve: Resolved assembly: nunit.engine, from path: D:\IsmaPCBlanco\Documentos\ISMA\Semestre 2021-2\Diseño dirigido por pruebas\Proyectos\PracticaParcial1\PracticaParcial1\bin\Debug\net5.0\fine-code-coverage\build-output\nunit.engine.dll
TpTrace Information: 0 : 10848, 4, 2021/09/22, 23:48:03.351, 2221088285712, testhost.dll, AssemblyResolver.OnResolve: nunit.engine.core: Resolving assembly.
TpTrace Information: 0 : 10848, 4, 2021/09/22, 23:48:03.352, 2221088288528, testhost.dll, AssemblyResolver.OnResolve: Resolved assembly: nunit.engine.core, from path: D:\IsmaPCBlanco\Documentos\ISMA\Semestre 2021-2\Diseño dirigido por pruebas\Proyectos\PracticaParcial1\PracticaParcial1\bin\Debug\net5.0\fine-code-coverage\build-output\nunit.engine.core.dll
TpTrace Information: 0 : 10848, 4, 2021/09/22, 23:48:03.357, 2221088339832, testhost.dll, NUnit Adapter 3.17.0.0: Test execution started
TpTrace Verbose: 0 : 10848, 4, 2021/09/22, 23:48:03.357, 2221088341045, testhost.dll, TestRequestHandler.SendData:  sending data from testhost: {"Version":5,"MessageType":"TestSession.Message","Payload":{"MessageLevel":0,"Message":"NUnit Adapter 3.17.0.0: Test execution started"}}
TpTrace Information: 0 : 10848, 4, 2021/09/22, 23:48:03.379, 2221088564551, testhost.dll, Running all tests in D:\IsmaPCBlanco\Documentos\ISMA\Semestre 2021-2\Diseño dirigido por pruebas\Proyectos\PracticaParcial1\PracticaParcial1\bin\Debug\net5.0\fine-code-coverage\build-output\PracticaParcial1.dll
TpTrace Verbose: 0 : 10848, 4, 2021/09/22, 23:48:03.380, 2221088565822, testhost.dll, TestRequestHandler.SendData:  sending data from testhost: {"Version":5,"MessageType":"TestSession.Message","Payload":{"MessageLevel":0,"Message":"Running all tests in D:\\IsmaPCBlanco\\Documentos\\ISMA\\Semestre 2021-2\\Diseño dirigido por pruebas\\Proyectos\\PracticaParcial1\\PracticaParcial1\\bin\\Debug\\net5.0\\fine-code-coverage\\build-output\\PracticaParcial1.dll"}}
TpTrace Information: 0 : 10848, 4, 2021/09/22, 23:48:03.385, 2221088621440, testhost.dll, AssemblyResolver.OnResolve: Mono.Cecil: Resolving assembly.
TpTrace Information: 0 : 10848, 4, 2021/09/22, 23:48:03.385, 2221088622735, testhost.dll, AssemblyResolver.OnResolve: Mono.Cecil: Failed to load assembly.
TpTrace Information: 0 : 10848, 4, 2021/09/22, 23:48:03.495, 2221089721351, testhost.dll,    NUnit3TestExecutor discovered 2 of 2 NUnit test cases
TpTrace Verbose: 0 : 10848, 4, 2021/09/22, 23:48:03.495, 2221089722596, testhost.dll, TestRequestHandler.SendData:  sending data from testhost: {"Version":5,"MessageType":"TestSession.Message","Payload":{"MessageLevel":0,"Message":"   NUnit3TestExecutor discovered 2 of 2 NUnit test cases"}}
TpTrace Verbose: 0 : 10848, 12, 2021/09/22, 23:48:03.515, 2221089921299, testhost.dll, TestExecutionRecorder.RecordStart: Starting test: PracticaParcial1.Practica.NoPuedeConsignarValorMenosUno.
TpTrace Verbose: 0 : 10848, 12, 2021/09/22, 23:48:03.542, 2221090187551, testhost.dll, TestExecutionRecorder.RecordEnd: test: PracticaParcial1.Practica.NoPuedeConsignarValorMenosUno execution completed.
TpTrace Verbose: 0 : 10848, 12, 2021/09/22, 23:48:03.555, 2221090316907, testhost.dll, TestExecutionRecorder.RecordResult: Received result for test: PracticaParcial1.Practica.NoPuedeConsignarValorMenosUno.
TpTrace Warning: 0 : 10848, 12, 2021/09/22, 23:48:03.557, 2221090344463, testhost.dll, TestRunCache: InProgressTests is null
TpTrace Warning: 0 : 10848, 12, 2021/09/22, 23:48:03.557, 2221090345400, testhost.dll, TestRunCache: No test found corresponding to testResult 'NoPuedeConsignarValorMenosUno' in inProgress list.
TpTrace Verbose: 0 : 10848, 12, 2021/09/22, 23:48:03.558, 2221090346492, testhost.dll, TestExecutionRecorder.RecordStart: Starting test: PracticaParcial1.Practica.PuedeHacerConsignacionInicialCorrecta.
TpTrace Verbose: 0 : 10848, 12, 2021/09/22, 23:48:03.559, 2221090357074, testhost.dll, TestExecutionRecorder.RecordEnd: test: PracticaParcial1.Practica.PuedeHacerConsignacionInicialCorrecta execution completed.
TpTrace Verbose: 0 : 10848, 12, 2021/09/22, 23:48:03.559, 2221090364014, testhost.dll, TestExecutionRecorder.RecordResult: Received result for test: PracticaParcial1.Practica.PuedeHacerConsignacionInicialCorrecta.
TpTrace Warning: 0 : 10848, 12, 2021/09/22, 23:48:03.559, 2221090364480, testhost.dll, TestRunCache: InProgressTests is null
TpTrace Warning: 0 : 10848, 12, 2021/09/22, 23:48:03.559, 2221090364640, testhost.dll, TestRunCache: No test found corresponding to testResult 'PuedeHacerConsignacionInicialCorrecta' in inProgress list.
TpTrace Information: 0 : 10848, 4, 2021/09/22, 23:48:03.562, 2221090387396, testhost.dll, NUnit Adapter 3.17.0.0: Test execution complete
TpTrace Verbose: 0 : 10848, 4, 2021/09/22, 23:48:03.562, 2221090388139, testhost.dll, TestRequestHandler.SendData:  sending data from testhost: {"Version":5,"MessageType":"TestSession.Message","Payload":{"MessageLevel":0,"Message":"NUnit Adapter 3.17.0.0: Test execution complete"}}
TpTrace Verbose: 0 : 10848, 4, 2021/09/22, 23:48:03.565, 2221090424297, testhost.dll, BaseRunTests.RunTestInternalWithExecutors: Completed running tests for executor://NUnit3TestExecutor
TpTrace Information: 0 : 10848, 4, 2021/09/22, 23:48:03.568, 2221090446560, testhost.dll, Sending test run complete
TpTrace Verbose: 0 : 10848, 4, 2021/09/22, 23:48:03.588, 2221090651763, testhost.dll, TestRequestHandler.SendData:  sending data from testhost: {"Version":5,"MessageType":"TestExecution.Completed","Payload":{"TestRunCompleteArgs":{"TestRunStatistics":{"ExecutedTests":2,"Stats":{"Passed":2}},"IsCanceled":false,"IsAborted":false,"Error":null,"AttachmentSets":[],"ElapsedTimeInRunningTests":"00:00:00.2181516","Metrics":{}},"LastRunTests":{"NewTestResults":[{"TestCase":{"Id":"a8fecf37-ca3f-81c5-5029-b2a51d969025","FullyQualifiedName":"PracticaParcial1.Practica.NoPuedeConsignarValorMenosUno","DisplayName":"NoPuedeConsignarValorMenosUno","ExecutorUri":"executor://NUnit3TestExecutor","Source":"D:\\IsmaPCBlanco\\Documentos\\ISMA\\Semestre 2021-2\\Diseño dirigido por pruebas\\Proyectos\\PracticaParcial1\\PracticaParcial1\\bin\\Debug\\net5.0\\fine-code-coverage\\build-output\\PracticaParcial1.dll","CodeFilePath":null,"LineNumber":0,"Properties":[]},"Attachments":[],"Outcome":1,"ErrorMessage":null,"ErrorStackTrace":null,"DisplayName":"NoPuedeConsignarValorMenosUno","Messages":[],"ComputerName":"DESKTOP-FFMH835","Duration":"00:00:00.0059970","StartTime":"2021-09-23T04:48:03.5149643+00:00","EndTime":"2021-09-23T04:48:03.5208947+00:00","Properties":[]},{"TestCase":{"Id":"c36dc4a8-2a36-d6e6-96ac-33f4327fe830","FullyQualifiedName":"PracticaParcial1.Practica.PuedeHacerConsignacionInicialCorrecta","DisplayName":"PuedeHacerConsignacionInicialCorrecta","ExecutorUri":"executor://NUnit3TestExecutor","Source":"D:\\IsmaPCBlanco\\Documentos\\ISMA\\Semestre 2021-2\\Diseño dirigido por pruebas\\Proyectos\\PracticaParcial1\\PracticaParcial1\\bin\\Debug\\net5.0\\fine-code-coverage\\build-output\\PracticaParcial1.dll","CodeFilePath":null,"LineNumber":0,"Properties":[]},"Attachments":[],"Outcome":1,"ErrorMessage":null,"ErrorStackTrace":null,"DisplayName":"PuedeHacerConsignacionInicialCorrecta","Messages":[],"ComputerName":"DESKTOP-FFMH835","Duration":"00:00:00.0033750","StartTime":"2021-09-23T04:48:03.522063+00:00","EndTime":"2021-09-23T04:48:03.5254377+00:00","Properties":[]}],"TestRunStatistics":{"ExecutedTests":2,"Stats":{"Passed":2}},"ActiveTests":[]},"RunAttachments":[],"ExecutorUris":["executor://nunit3testexecutor/"]}}
TpTrace Verbose: 0 : 10848, 4, 2021/09/22, 23:48:03.588, 2221090654197, testhost.dll, BaseRunTests.RunTests: Run is complete.
TpTrace Verbose: 0 : 10848, 9, 2021/09/22, 23:48:03.590, 2221090672240, testhost.dll, TcpClientExtensions.MessageLoopAsync: NotifyDataAvailable remoteEndPoint: [::ffff:127.0.0.1]:58293 localEndPoint: [::ffff:127.0.0.1]:58294
TpTrace Information: 0 : 10848, 9, 2021/09/22, 23:48:03.590, 2221090673453, testhost.dll, TestRequestHandler.ProcessRequests: received message: (TestSession.Terminate) -> null
TpTrace Information: 0 : 10848, 9, 2021/09/22, 23:48:03.590, 2221090673703, testhost.dll, Session End message received from server. Closing the connection.
TpTrace Information: 0 : 10848, 9, 2021/09/22, 23:48:03.590, 2221090675643, testhost.dll, SocketClient.Stop: Stop communication from server endpoint: 127.0.0.1:058293
TpTrace Information: 0 : 10848, 9, 2021/09/22, 23:48:03.591, 2221090675977, testhost.dll, SocketClient: Stop: Cancellation requested. Stopping message loop.
TpTrace Verbose: 0 : 10848, 9, 2021/09/22, 23:48:03.591, 2221090677072, testhost.dll, LengthPrefixCommunicationChannel.Dispose: Dispose reader and writer.
TpTrace Information: 0 : 10848, 9, 2021/09/22, 23:48:03.591, 2221090677321, testhost.dll, Closing the connection !
TpTrace Information: 0 : 10848, 9, 2021/09/22, 23:48:03.591, 2221090678556, testhost.dll, SocketClient.PrivateStop: Stop communication from server endpoint: 127.0.0.1:058293, error:
TpTrace Verbose: 0 : 10848, 9, 2021/09/22, 23:48:03.591, 2221090682751, testhost.dll, LengthPrefixCommunicationChannel.Dispose: Dispose reader and writer.
TpTrace Information: 0 : 10848, 1, 2021/09/22, 23:48:03.591, 2221090683080, testhost.dll, Closing the connection !
TpTrace Verbose: 0 : 10848, 9, 2021/09/22, 23:48:03.591, 2221090683154, testhost.dll, TcpClientExtensions.MessageLoopAsync: exiting MessageLoopAsync remoteEndPoint: [::ffff:127.0.0.1]:58293 localEndPoint: [::ffff:127.0.0.1]:58294
TpTrace Information: 0 : 10848, 1, 2021/09/22, 23:48:03.591, 2221090683535, testhost.dll, SocketClient.Stop: Stop communication from server endpoint: 127.0.0.1:058293
TpTrace Verbose: 0 : 10848, 1, 2021/09/22, 23:48:03.591, 2221090683755, testhost.dll, LengthPrefixCommunicationChannel.Dispose: Dispose reader and writer.
TpTrace Information: 0 : 10848, 1, 2021/09/22, 23:48:03.591, 2221090684256, testhost.dll, Testhost process exiting.
