TpTrace Verbose: 0 : 5708, 1, 2021/09/22, 23:30:35.989, 2210614669036, datacollector.dll, Version: 16.10.0-release-20210520-03
TpTrace Information: 0 : 5708, 1, 2021/09/22, 23:30:35.992, 2210614689819, datacollector.dll, DataCollectorMain.Run: Starting data collector run with args: --port,57308,--parentprocessid,5468,--diag,D:\IsmaPCBlanco\Documentos\ISMA\Semestre 2021-2\Dise単o dirigido por pruebas\Proyectos\PracticaParcial1\PracticaParcial1\bin\Debug\net5.0\fine-code-coverage\coverage-tool-output\diagnostics.datacollector.21-09-22_23-30-35_89958_4.log,--tracelevel,4
TpTrace Information: 0 : 5708, 1, 2021/09/22, 23:30:35.992, 2210614691164, datacollector.dll, DataCollector: Monitoring parent process with id: '5468'
TpTrace Information: 0 : 5708, 1, 2021/09/22, 23:30:35.998, 2210614751613, datacollector.dll, Trying to connect to server on socket : 127.0.0.1:57308 
TpTrace Verbose: 0 : 5708, 1, 2021/09/22, 23:30:36.015, 2210614921466, datacollector.dll, SocketCommunicationManager : SetupClientAsync : Attempting to connect to the server.
TpTrace Information: 0 : 5708, 7, 2021/09/22, 23:30:36.022, 2210614993093, datacollector.dll, Connected to the server successfully 
TpTrace Information: 0 : 5708, 7, 2021/09/22, 23:30:36.022, 2210614993789, datacollector.dll, Using the buffer size of 16384 bytes
TpTrace Information: 0 : 5708, 1, 2021/09/22, 23:30:36.069, 2210615461524, datacollector.dll, DataCollector: Start Request Processing.
TpTrace Information: 0 : 5708, 1, 2021/09/22, 23:30:36.071, 2210615485566, datacollector.dll, DataCollectionRequestHandler.ProcessRequests : Datacollector received message: (DataCollection.BeforeTestRunStart) -> {
  "SettingsXml": "<RunSettings><RunConfiguration><ResultsDirectory>D:\\IsmaPCBlanco\\Documentos\\ISMA\\Semestre 2021-2\\Dise単o dirigido por pruebas\\Proyectos\\PracticaParcial1\\PracticaParcial1\\bin\\Debug\\net5.0\\fine-code-coverage\\coverage-tool-output</ResultsDirectory><TargetPlatform>X64</TargetPlatform><TargetFrameworkVersion>.NETCoreApp,Version=v5.0</TargetFrameworkVersion><DesignMode>False</DesignMode><CollectSourceInformation>False</CollectSourceInformation><TestAdaptersPaths>C:\\Program Files\\dotnet\\sdk\\5.0.301\\Extensions</TestAdaptersPaths></RunConfiguration><LoggerRunSettings><Loggers><Logger friendlyName=\"blame\" enabled=\"True\" /><Logger friendlyName=\"Console\" uri=\"logger://microsoft/TestPlatform/ConsoleLogger/v1\" assemblyQualifiedName=\"Microsoft.VisualStudio.TestPlatform.CommandLine.Internal.ConsoleLogger, vstest.console, Version=15.0.0.0, Culture=neutral, PublicKeyToken=b03f5f7f11d50a3a\" codeBase=\"C:\\Program Files\\dotnet\\sdk\\5.0.301\\vstest.console.dll\" enabled=\"True\" /></Loggers></LoggerRunSettings><DataCollectionRunSettings><DataCollectors><DataCollector friendlyName=\"blame\" enabled=\"True\"><Configuration><ResultsDirectory>D:\\IsmaPCBlanco\\Documentos\\ISMA\\Semestre 2021-2\\Dise単o dirigido por pruebas\\Proyectos\\PracticaParcial1\\PracticaParcial1\\bin\\Debug\\net5.0\\fine-code-coverage\\coverage-tool-output</ResultsDirectory></Configuration></DataCollector></DataCollectors></DataCollectionRunSettings></RunSettings>",
  "Sources": [
    "D:\\IsmaPCBlanco\\Documentos\\ISMA\\Semestre 2021-2\\Dise単o dirigido por pruebas\\Proyectos\\PracticaParcial1\\PracticaParcial1\\bin\\Debug\\net5.0\\fine-code-coverage\\build-output\\PracticaParcial1.dll"
  ],
  "IsTelemetryOptedIn": false
}
TpTrace Verbose: 0 : 5708, 1, 2021/09/22, 23:30:36.094, 2210615711661, datacollector.dll, TestPluginCache: Update extensions started. Skip filter = False
TpTrace Verbose: 0 : 5708, 1, 2021/09/22, 23:30:36.095, 2210615716440, datacollector.dll, TestPluginCache: Using directories for assembly resolution 'C:\Program Files\dotnet\sdk\5.0.301\Extensions'.
TpTrace Verbose: 0 : 5708, 1, 2021/09/22, 23:30:36.095, 2210615716922, datacollector.dll, TestPluginCache: Updated the available extensions to 'C:\Program Files\dotnet\sdk\5.0.301\Extensions\Microsoft.TestPlatform.Extensions.BlameDataCollector.dll,C:\Program Files\dotnet\sdk\5.0.301\Extensions\Microsoft.TestPlatform.Extensions.EventLogCollector.dll'.
TpTrace Verbose: 0 : 5708, 1, 2021/09/22, 23:30:36.098, 2210615753683, datacollector.dll, TestPluginCache.DiscoverTestExtensions: finding test extensions in assemblies ends with: Collector.dll TPluginInfo: Microsoft.VisualStudio.TestPlatform.Common.DataCollector.DataCollectorConfig TExtension: Microsoft.VisualStudio.TestPlatform.ObjectModel.DataCollection.DataCollector
TpTrace Verbose: 0 : 5708, 1, 2021/09/22, 23:30:36.098, 2210615754861, datacollector.dll, TestPluginCache.GetExtensionPaths: Filtered extension paths: C:\Program Files\dotnet\sdk\5.0.301\Extensions\Microsoft.TestPlatform.Extensions.BlameDataCollector.dll
C:\Program Files\dotnet\sdk\5.0.301\Extensions\Microsoft.TestPlatform.Extensions.EventLogCollector.dll
TpTrace Verbose: 0 : 5708, 1, 2021/09/22, 23:30:36.098, 2210615755107, datacollector.dll, TestPluginCache.GetExtensionPaths: Added default extension paths: 
TpTrace Verbose: 0 : 5708, 1, 2021/09/22, 23:30:36.098, 2210615755282, datacollector.dll, TestPluginCache.GetExtensionPaths: Added unfilterableExtensionPaths: 
TpTrace Information: 0 : 5708, 1, 2021/09/22, 23:30:36.099, 2210615758834, datacollector.dll, AssemblyResolver.ctor: Creating AssemblyResolver with searchDirectories C:\Program Files\dotnet\sdk\5.0.301\Extensions,C:\Program Files\dotnet\sdk\5.0.301
TpTrace Verbose: 0 : 5708, 1, 2021/09/22, 23:30:36.100, 2210615766737, datacollector.dll, TestPluginCache.DiscoverTestExtensions: Discovering the extensions using extension path.
TpTrace Verbose: 0 : 5708, 1, 2021/09/22, 23:30:36.100, 2210615767646, datacollector.dll, TestPluginCache.GetExtensionPaths: Filtered extension paths: C:\Program Files\dotnet\sdk\5.0.301\Extensions\Microsoft.TestPlatform.Extensions.BlameDataCollector.dll
C:\Program Files\dotnet\sdk\5.0.301\Extensions\Microsoft.TestPlatform.Extensions.EventLogCollector.dll
TpTrace Verbose: 0 : 5708, 1, 2021/09/22, 23:30:36.100, 2210615767857, datacollector.dll, TestPluginCache.GetExtensionPaths: Added default extension paths: 
TpTrace Verbose: 0 : 5708, 1, 2021/09/22, 23:30:36.100, 2210615767993, datacollector.dll, TestPluginCache.GetExtensionPaths: Added unfilterableExtensionPaths: 
TpTrace Verbose: 0 : 5708, 1, 2021/09/22, 23:30:36.100, 2210615768244, datacollector.dll, TestPluginCache.DiscoverTestExtensions: Discovering the extensions using allExtensionPaths: C:\Program Files\dotnet\sdk\5.0.301\Extensions\Microsoft.TestPlatform.Extensions.BlameDataCollector.dll
C:\Program Files\dotnet\sdk\5.0.301\Extensions\Microsoft.TestPlatform.Extensions.EventLogCollector.dll
TpTrace Information: 0 : 5708, 1, 2021/09/22, 23:30:36.100, 2210615768816, datacollector.dll, AssemblyResolver.AddSearchDirectories: Adding more searchDirectories C:\Program Files\dotnet\sdk\5.0.301\Extensions,C:\Program Files\dotnet\sdk\5.0.301
TpTrace Information: 0 : 5708, 1, 2021/09/22, 23:30:36.100, 2210615769119, datacollector.dll, AssemblyResolver.AddSearchDirectories: Adding more searchDirectories C:\Program Files\dotnet\sdk\5.0.301\Extensions,C:\Program Files\dotnet\sdk\5.0.301
TpTrace Information: 0 : 5708, 1, 2021/09/22, 23:30:36.100, 2210615771581, datacollector.dll, AssemblyResolver.OnResolve: Microsoft.TestPlatform.Extensions.BlameDataCollector: Resolving assembly.
TpTrace Information: 0 : 5708, 1, 2021/09/22, 23:30:36.100, 2210615772100, datacollector.dll, AssemblyResolver.OnResolve: Microsoft.TestPlatform.Extensions.BlameDataCollector: Searching in: 'C:\Program Files\dotnet\sdk\5.0.301\Extensions'.
TpTrace Information: 0 : 5708, 1, 2021/09/22, 23:30:36.101, 2210615779714, datacollector.dll, AssemblyResolver.OnResolve: Microsoft.TestPlatform.Extensions.BlameDataCollector: Loading assembly 'C:\Program Files\dotnet\sdk\5.0.301\Extensions\Microsoft.TestPlatform.Extensions.BlameDataCollector.dll'.
TpTrace Information: 0 : 5708, 1, 2021/09/22, 23:30:36.102, 2210615787814, datacollector.dll, AssemblyResolver.OnResolve: Resolved assembly: Microsoft.TestPlatform.Extensions.BlameDataCollector, from path: C:\Program Files\dotnet\sdk\5.0.301\Extensions\Microsoft.TestPlatform.Extensions.BlameDataCollector.dll
TpTrace Error: 0 : 5708, 1, 2021/09/22, 23:30:36.103, 2210615797338, datacollector.dll, The type "Microsoft.TestPlatform.Extensions.BlameDataCollector.BlameCollector" defined in "Microsoft.TestPlatform.Extensions.BlameDataCollector.dll" does not have ExtensionUri attribute.
TpTrace Information: 0 : 5708, 1, 2021/09/22, 23:30:36.104, 2210615808142, datacollector.dll, AssemblyResolver.OnResolve: Microsoft.TestPlatform.Extensions.EventLogCollector: Resolving assembly.
TpTrace Information: 0 : 5708, 1, 2021/09/22, 23:30:36.104, 2210615808601, datacollector.dll, AssemblyResolver.OnResolve: Microsoft.TestPlatform.Extensions.EventLogCollector: Searching in: 'C:\Program Files\dotnet\sdk\5.0.301\Extensions'.
TpTrace Information: 0 : 5708, 1, 2021/09/22, 23:30:36.104, 2210615814453, datacollector.dll, AssemblyResolver.OnResolve: Microsoft.TestPlatform.Extensions.EventLogCollector: Loading assembly 'C:\Program Files\dotnet\sdk\5.0.301\Extensions\Microsoft.TestPlatform.Extensions.EventLogCollector.dll'.
TpTrace Information: 0 : 5708, 1, 2021/09/22, 23:30:36.105, 2210615818350, datacollector.dll, AssemblyResolver.OnResolve: Resolved assembly: Microsoft.TestPlatform.Extensions.EventLogCollector, from path: C:\Program Files\dotnet\sdk\5.0.301\Extensions\Microsoft.TestPlatform.Extensions.EventLogCollector.dll
TpTrace Error: 0 : 5708, 1, 2021/09/22, 23:30:36.106, 2210615835103, datacollector.dll, The type "Microsoft.TestPlatform.Extensions.EventLogCollector.EventLogDataCollector" defined in "Microsoft.TestPlatform.Extensions.EventLogCollector.dll" does not have ExtensionUri attribute.
TpTrace Verbose: 0 : 5708, 1, 2021/09/22, 23:30:36.107, 2210615837656, datacollector.dll, TestPluginCache: Discovered the extensions using extension path 'C:\Program Files\dotnet\sdk\5.0.301\Extensions\Microsoft.TestPlatform.Extensions.BlameDataCollector.dll,C:\Program Files\dotnet\sdk\5.0.301\Extensions\Microsoft.TestPlatform.Extensions.EventLogCollector.dll'.
TpTrace Verbose: 0 : 5708, 1, 2021/09/22, 23:30:36.107, 2210615837987, datacollector.dll, TestPluginCache: Discoverers are ''.
TpTrace Verbose: 0 : 5708, 1, 2021/09/22, 23:30:36.107, 2210615838122, datacollector.dll, TestPluginCache: Executors are ''.
TpTrace Verbose: 0 : 5708, 1, 2021/09/22, 23:30:36.107, 2210615838245, datacollector.dll, TestPluginCache: Executors2 are ''.
TpTrace Verbose: 0 : 5708, 1, 2021/09/22, 23:30:36.107, 2210615838364, datacollector.dll, TestPluginCache: Setting providers are ''.
TpTrace Verbose: 0 : 5708, 1, 2021/09/22, 23:30:36.107, 2210615838515, datacollector.dll, TestPluginCache: Loggers are ''.
TpTrace Information: 0 : 5708, 1, 2021/09/22, 23:30:36.108, 2210615845841, datacollector.dll, TestPluginManager.CreateTestExtension: Attempting to load test extension: Microsoft.TestPlatform.Extensions.BlameDataCollector.BlameCollector
TpTrace Error: 0 : 5708, 1, 2021/09/22, 23:30:36.108, 2210615848648, datacollector.dll, The type "Microsoft.TestPlatform.Extensions.BlameDataCollector.BlameCollector" defined in "Microsoft.TestPlatform.Extensions.BlameDataCollector.dll" does not have ExtensionUri attribute.
TpTrace Information: 0 : 5708, 1, 2021/09/22, 23:30:36.112, 2210615892450, datacollector.dll, Listening on Endpoint : 127.0.0.1:57310
TpTrace Information: 0 : 5708, 1, 2021/09/22, 23:30:36.116, 2210615935575, datacollector.dll, DataCollectionRequestHandler.ProcessRequests : DataCollection started.
TpTrace Information: 0 : 5708, 1, 2021/09/22, 23:30:36.128, 2210616054045, datacollector.dll, DataCollectionRequestHandler.ProcessRequests : Datacollector received message: (DataCollection.TestHostLaunched) -> {
  "ProcessId": 7112
}
TpTrace Information: 0 : 5708, 5, 2021/09/22, 23:30:36.262, 2210617393586, datacollector.dll, Using the buffer size of 16384 bytes
TpTrace Information: 0 : 5708, 5, 2021/09/22, 23:30:36.262, 2210617394313, datacollector.dll, Accepted Client request and set the flag
TpTrace Information: 0 : 5708, 7, 2021/09/22, 23:30:36.688, 2210621647591, datacollector.dll, DataCollectionTestCaseEventHandler: Test case starting.
TpTrace Information: 0 : 5708, 7, 2021/09/22, 23:30:36.693, 2210621703516, datacollector.dll, Blame Collector : Test Case Start
TpTrace Information: 0 : 5708, 7, 2021/09/22, 23:30:36.695, 2210621718400, datacollector.dll, DataCollectionTestCaseEventHandler: Test case 'NoPuedeConsignarValorMenosUno - a8fecf37-ca3f-81c5-5029-b2a51d969025' started.
TpTrace Information: 0 : 5708, 7, 2021/09/22, 23:30:36.705, 2210621824479, datacollector.dll, DataCollectionTestCaseEventHandler : Test case completing.
TpTrace Information: 0 : 5708, 7, 2021/09/22, 23:30:36.708, 2210621847290, datacollector.dll, Blame Collector : Test Case End
TpTrace Information: 0 : 5708, 7, 2021/09/22, 23:30:36.710, 2210621872591, datacollector.dll, DataCollectionTestCaseEventHandler: Test case 'NoPuedeConsignarValorMenosUno - a8fecf37-ca3f-81c5-5029-b2a51d969025' completed
TpTrace Information: 0 : 5708, 7, 2021/09/22, 23:30:36.717, 2210621942179, datacollector.dll, DataCollectionTestCaseEventHandler: Test case starting.
TpTrace Information: 0 : 5708, 7, 2021/09/22, 23:30:36.717, 2210621944277, datacollector.dll, Blame Collector : Test Case Start
TpTrace Information: 0 : 5708, 7, 2021/09/22, 23:30:36.717, 2210621945040, datacollector.dll, DataCollectionTestCaseEventHandler: Test case 'PuedeHacerConsignacionInicialCorrecta - c36dc4a8-2a36-d6e6-96ac-33f4327fe830' started.
TpTrace Information: 0 : 5708, 7, 2021/09/22, 23:30:36.718, 2210621951545, datacollector.dll, DataCollectionTestCaseEventHandler : Test case completing.
TpTrace Information: 0 : 5708, 7, 2021/09/22, 23:30:36.718, 2210621953060, datacollector.dll, Blame Collector : Test Case End
TpTrace Information: 0 : 5708, 7, 2021/09/22, 23:30:36.718, 2210621953830, datacollector.dll, DataCollectionTestCaseEventHandler: Test case 'PuedeHacerConsignacionInicialCorrecta - c36dc4a8-2a36-d6e6-96ac-33f4327fe830' completed
TpTrace Information: 0 : 5708, 7, 2021/09/22, 23:30:36.726, 2210622034941, datacollector.dll, DataCollectionTestCaseEventHandler: Test session ended
TpTrace Information: 0 : 5708, 1, 2021/09/22, 23:30:36.800, 2210622766832, datacollector.dll, DataCollectionRequestHandler.ProcessRequests : Datacollector received message: (DataCollection.AfterTestRunEnd) -> false
TpTrace Information: 0 : 5708, 1, 2021/09/22, 23:30:36.800, 2210622771098, datacollector.dll, Blame Collector : Session End
TpTrace Information: 0 : 5708, 1, 2021/09/22, 23:30:36.800, 2210622771559, datacollector.dll, BlameCollector.CollectDumpAndAbortTesthost: Custom path to dump directory was provided via VSTEST_DUMP_PATH. Skipping attachment upload, the caller is responsible for collecting and uploading the dumps themselves.
TpTrace Information: 0 : 5708, 1, 2021/09/22, 23:30:36.800, 2210622772227, datacollector.dll, DataCollectionManager.CleanupPlugins: CleanupPlugins called
TpTrace Verbose: 0 : 5708, 1, 2021/09/22, 23:30:36.800, 2210622772405, datacollector.dll, DataCollectionManager.CleanupPlugins: Cleaning up 1 plugins
TpTrace Verbose: 0 : 5708, 1, 2021/09/22, 23:30:36.800, 2210622773574, datacollector.dll, dataCollectorInfo.DisposeDataCollector: calling Dispose() on Microsoft.TestPlatform.Extensions.BlameDataCollector.BlameCollector
TpTrace Information: 0 : 5708, 1, 2021/09/22, 23:30:36.800, 2210622774222, datacollector.dll, DataCollectionManager.CleanupPlugins: CleanupPlugins finished
TpTrace Information: 0 : 5708, 1, 2021/09/22, 23:30:36.802, 2210622792498, datacollector.dll, DataCollectionRequestHandler.ProcessRequests : Session End message received from server. Closing the connection.
TpTrace Information: 0 : 5708, 1, 2021/09/22, 23:30:36.802, 2210622793750, datacollector.dll, Closing the connection !
TpTrace Information: 0 : 5708, 1, 2021/09/22, 23:30:36.802, 2210622793970, datacollector.dll, DataCollectionRequestHandler.ProcessRequests : DataCollection completed
TpTrace Information: 0 : 5708, 1, 2021/09/22, 23:30:36.802, 2210622794120, datacollector.dll, Program.Main: exiting datacollector process.
