TpTrace Verbose: 0 : 15872, 1, 2021/09/22, 23:48:02.875, 2221083529336, datacollector.dll, Version: 16.10.0-release-20210520-03
TpTrace Information: 0 : 15872, 1, 2021/09/22, 23:48:02.878, 2221083551032, datacollector.dll, DataCollectorMain.Run: Starting data collector run with args: --port,58287,--parentprocessid,14400,--diag,D:\IsmaPCBlanco\Documentos\ISMA\Semestre 2021-2\Dise単o dirigido por pruebas\Proyectos\PracticaParcial1\PracticaParcial1\bin\Debug\net5.0\fine-code-coverage\coverage-tool-output\diagnostics.datacollector.21-09-22_23-48-02_79565_4.log,--tracelevel,4
TpTrace Information: 0 : 15872, 1, 2021/09/22, 23:48:02.878, 2221083552394, datacollector.dll, DataCollector: Monitoring parent process with id: '14400'
TpTrace Information: 0 : 15872, 1, 2021/09/22, 23:48:02.884, 2221083612141, datacollector.dll, Trying to connect to server on socket : 127.0.0.1:58287 
TpTrace Verbose: 0 : 15872, 1, 2021/09/22, 23:48:02.901, 2221083784870, datacollector.dll, SocketCommunicationManager : SetupClientAsync : Attempting to connect to the server.
TpTrace Information: 0 : 15872, 7, 2021/09/22, 23:48:02.907, 2221083840873, datacollector.dll, Connected to the server successfully 
TpTrace Information: 0 : 15872, 7, 2021/09/22, 23:48:02.907, 2221083841640, datacollector.dll, Using the buffer size of 16384 bytes
TpTrace Information: 0 : 15872, 1, 2021/09/22, 23:48:02.956, 2221084331822, datacollector.dll, DataCollector: Start Request Processing.
TpTrace Information: 0 : 15872, 1, 2021/09/22, 23:48:02.958, 2221084353980, datacollector.dll, DataCollectionRequestHandler.ProcessRequests : Datacollector received message: (DataCollection.BeforeTestRunStart) -> {
  "SettingsXml": "<RunSettings><RunConfiguration><ResultsDirectory>D:\\IsmaPCBlanco\\Documentos\\ISMA\\Semestre 2021-2\\Dise単o dirigido por pruebas\\Proyectos\\PracticaParcial1\\PracticaParcial1\\bin\\Debug\\net5.0\\fine-code-coverage\\coverage-tool-output</ResultsDirectory><TargetPlatform>X64</TargetPlatform><TargetFrameworkVersion>.NETCoreApp,Version=v5.0</TargetFrameworkVersion><DesignMode>False</DesignMode><CollectSourceInformation>False</CollectSourceInformation><TestAdaptersPaths>C:\\Program Files\\dotnet\\sdk\\5.0.301\\Extensions</TestAdaptersPaths></RunConfiguration><LoggerRunSettings><Loggers><Logger friendlyName=\"blame\" enabled=\"True\" /><Logger friendlyName=\"Console\" uri=\"logger://microsoft/TestPlatform/ConsoleLogger/v1\" assemblyQualifiedName=\"Microsoft.VisualStudio.TestPlatform.CommandLine.Internal.ConsoleLogger, vstest.console, Version=15.0.0.0, Culture=neutral, PublicKeyToken=b03f5f7f11d50a3a\" codeBase=\"C:\\Program Files\\dotnet\\sdk\\5.0.301\\vstest.console.dll\" enabled=\"True\" /></Loggers></LoggerRunSettings><DataCollectionRunSettings><DataCollectors><DataCollector friendlyName=\"blame\" enabled=\"True\"><Configuration><ResultsDirectory>D:\\IsmaPCBlanco\\Documentos\\ISMA\\Semestre 2021-2\\Dise単o dirigido por pruebas\\Proyectos\\PracticaParcial1\\PracticaParcial1\\bin\\Debug\\net5.0\\fine-code-coverage\\coverage-tool-output</ResultsDirectory></Configuration></DataCollector></DataCollectors></DataCollectionRunSettings></RunSettings>",
  "Sources": [
    "D:\\IsmaPCBlanco\\Documentos\\ISMA\\Semestre 2021-2\\Dise単o dirigido por pruebas\\Proyectos\\PracticaParcial1\\PracticaParcial1\\bin\\Debug\\net5.0\\fine-code-coverage\\build-output\\PracticaParcial1.dll"
  ],
  "IsTelemetryOptedIn": false
}
TpTrace Verbose: 0 : 15872, 1, 2021/09/22, 23:48:02.982, 2221084588963, datacollector.dll, TestPluginCache: Update extensions started. Skip filter = False
TpTrace Verbose: 0 : 15872, 1, 2021/09/22, 23:48:02.982, 2221084593222, datacollector.dll, TestPluginCache: Using directories for assembly resolution 'C:\Program Files\dotnet\sdk\5.0.301\Extensions'.
TpTrace Verbose: 0 : 15872, 1, 2021/09/22, 23:48:02.982, 2221084593612, datacollector.dll, TestPluginCache: Updated the available extensions to 'C:\Program Files\dotnet\sdk\5.0.301\Extensions\Microsoft.TestPlatform.Extensions.BlameDataCollector.dll,C:\Program Files\dotnet\sdk\5.0.301\Extensions\Microsoft.TestPlatform.Extensions.EventLogCollector.dll'.
TpTrace Verbose: 0 : 15872, 1, 2021/09/22, 23:48:02.986, 2221084629253, datacollector.dll, TestPluginCache.DiscoverTestExtensions: finding test extensions in assemblies ends with: Collector.dll TPluginInfo: Microsoft.VisualStudio.TestPlatform.Common.DataCollector.DataCollectorConfig TExtension: Microsoft.VisualStudio.TestPlatform.ObjectModel.DataCollection.DataCollector
TpTrace Verbose: 0 : 15872, 1, 2021/09/22, 23:48:02.986, 2221084630339, datacollector.dll, TestPluginCache.GetExtensionPaths: Filtered extension paths: C:\Program Files\dotnet\sdk\5.0.301\Extensions\Microsoft.TestPlatform.Extensions.BlameDataCollector.dll
C:\Program Files\dotnet\sdk\5.0.301\Extensions\Microsoft.TestPlatform.Extensions.EventLogCollector.dll
TpTrace Verbose: 0 : 15872, 1, 2021/09/22, 23:48:02.986, 2221084630607, datacollector.dll, TestPluginCache.GetExtensionPaths: Added default extension paths: 
TpTrace Verbose: 0 : 15872, 1, 2021/09/22, 23:48:02.986, 2221084630745, datacollector.dll, TestPluginCache.GetExtensionPaths: Added unfilterableExtensionPaths: 
TpTrace Information: 0 : 15872, 1, 2021/09/22, 23:48:02.986, 2221084634171, datacollector.dll, AssemblyResolver.ctor: Creating AssemblyResolver with searchDirectories C:\Program Files\dotnet\sdk\5.0.301\Extensions,C:\Program Files\dotnet\sdk\5.0.301
TpTrace Verbose: 0 : 15872, 1, 2021/09/22, 23:48:02.987, 2221084643616, datacollector.dll, TestPluginCache.DiscoverTestExtensions: Discovering the extensions using extension path.
TpTrace Verbose: 0 : 15872, 1, 2021/09/22, 23:48:02.987, 2221084644750, datacollector.dll, TestPluginCache.GetExtensionPaths: Filtered extension paths: C:\Program Files\dotnet\sdk\5.0.301\Extensions\Microsoft.TestPlatform.Extensions.BlameDataCollector.dll
C:\Program Files\dotnet\sdk\5.0.301\Extensions\Microsoft.TestPlatform.Extensions.EventLogCollector.dll
TpTrace Verbose: 0 : 15872, 1, 2021/09/22, 23:48:02.987, 2221084644962, datacollector.dll, TestPluginCache.GetExtensionPaths: Added default extension paths: 
TpTrace Verbose: 0 : 15872, 1, 2021/09/22, 23:48:02.987, 2221084645095, datacollector.dll, TestPluginCache.GetExtensionPaths: Added unfilterableExtensionPaths: 
TpTrace Verbose: 0 : 15872, 1, 2021/09/22, 23:48:02.987, 2221084645450, datacollector.dll, TestPluginCache.DiscoverTestExtensions: Discovering the extensions using allExtensionPaths: C:\Program Files\dotnet\sdk\5.0.301\Extensions\Microsoft.TestPlatform.Extensions.BlameDataCollector.dll
C:\Program Files\dotnet\sdk\5.0.301\Extensions\Microsoft.TestPlatform.Extensions.EventLogCollector.dll
TpTrace Information: 0 : 15872, 1, 2021/09/22, 23:48:02.988, 2221084646062, datacollector.dll, AssemblyResolver.AddSearchDirectories: Adding more searchDirectories C:\Program Files\dotnet\sdk\5.0.301\Extensions,C:\Program Files\dotnet\sdk\5.0.301
TpTrace Information: 0 : 15872, 1, 2021/09/22, 23:48:02.988, 2221084646379, datacollector.dll, AssemblyResolver.AddSearchDirectories: Adding more searchDirectories C:\Program Files\dotnet\sdk\5.0.301\Extensions,C:\Program Files\dotnet\sdk\5.0.301
TpTrace Information: 0 : 15872, 1, 2021/09/22, 23:48:02.988, 2221084648988, datacollector.dll, AssemblyResolver.OnResolve: Microsoft.TestPlatform.Extensions.BlameDataCollector: Resolving assembly.
TpTrace Information: 0 : 15872, 1, 2021/09/22, 23:48:02.988, 2221084649371, datacollector.dll, AssemblyResolver.OnResolve: Microsoft.TestPlatform.Extensions.BlameDataCollector: Searching in: 'C:\Program Files\dotnet\sdk\5.0.301\Extensions'.
TpTrace Information: 0 : 15872, 1, 2021/09/22, 23:48:02.989, 2221084663147, datacollector.dll, AssemblyResolver.OnResolve: Microsoft.TestPlatform.Extensions.BlameDataCollector: Loading assembly 'C:\Program Files\dotnet\sdk\5.0.301\Extensions\Microsoft.TestPlatform.Extensions.BlameDataCollector.dll'.
TpTrace Information: 0 : 15872, 1, 2021/09/22, 23:48:02.990, 2221084670139, datacollector.dll, AssemblyResolver.OnResolve: Resolved assembly: Microsoft.TestPlatform.Extensions.BlameDataCollector, from path: C:\Program Files\dotnet\sdk\5.0.301\Extensions\Microsoft.TestPlatform.Extensions.BlameDataCollector.dll
TpTrace Error: 0 : 15872, 1, 2021/09/22, 23:48:02.991, 2221084679036, datacollector.dll, The type "Microsoft.TestPlatform.Extensions.BlameDataCollector.BlameCollector" defined in "Microsoft.TestPlatform.Extensions.BlameDataCollector.dll" does not have ExtensionUri attribute.
TpTrace Information: 0 : 15872, 1, 2021/09/22, 23:48:02.992, 2221084689121, datacollector.dll, AssemblyResolver.OnResolve: Microsoft.TestPlatform.Extensions.EventLogCollector: Resolving assembly.
TpTrace Information: 0 : 15872, 1, 2021/09/22, 23:48:02.992, 2221084689567, datacollector.dll, AssemblyResolver.OnResolve: Microsoft.TestPlatform.Extensions.EventLogCollector: Searching in: 'C:\Program Files\dotnet\sdk\5.0.301\Extensions'.
TpTrace Information: 0 : 15872, 1, 2021/09/22, 23:48:02.993, 2221084697002, datacollector.dll, AssemblyResolver.OnResolve: Microsoft.TestPlatform.Extensions.EventLogCollector: Loading assembly 'C:\Program Files\dotnet\sdk\5.0.301\Extensions\Microsoft.TestPlatform.Extensions.EventLogCollector.dll'.
TpTrace Information: 0 : 15872, 1, 2021/09/22, 23:48:02.993, 2221084702950, datacollector.dll, AssemblyResolver.OnResolve: Resolved assembly: Microsoft.TestPlatform.Extensions.EventLogCollector, from path: C:\Program Files\dotnet\sdk\5.0.301\Extensions\Microsoft.TestPlatform.Extensions.EventLogCollector.dll
TpTrace Error: 0 : 15872, 1, 2021/09/22, 23:48:02.995, 2221084724244, datacollector.dll, The type "Microsoft.TestPlatform.Extensions.EventLogCollector.EventLogDataCollector" defined in "Microsoft.TestPlatform.Extensions.EventLogCollector.dll" does not have ExtensionUri attribute.
TpTrace Verbose: 0 : 15872, 1, 2021/09/22, 23:48:02.996, 2221084727913, datacollector.dll, TestPluginCache: Discovered the extensions using extension path 'C:\Program Files\dotnet\sdk\5.0.301\Extensions\Microsoft.TestPlatform.Extensions.BlameDataCollector.dll,C:\Program Files\dotnet\sdk\5.0.301\Extensions\Microsoft.TestPlatform.Extensions.EventLogCollector.dll'.
TpTrace Verbose: 0 : 15872, 1, 2021/09/22, 23:48:02.996, 2221084728322, datacollector.dll, TestPluginCache: Discoverers are ''.
TpTrace Verbose: 0 : 15872, 1, 2021/09/22, 23:48:02.996, 2221084728462, datacollector.dll, TestPluginCache: Executors are ''.
TpTrace Verbose: 0 : 15872, 1, 2021/09/22, 23:48:02.996, 2221084728585, datacollector.dll, TestPluginCache: Executors2 are ''.
TpTrace Verbose: 0 : 15872, 1, 2021/09/22, 23:48:02.996, 2221084728742, datacollector.dll, TestPluginCache: Setting providers are ''.
TpTrace Verbose: 0 : 15872, 1, 2021/09/22, 23:48:02.996, 2221084728862, datacollector.dll, TestPluginCache: Loggers are ''.
TpTrace Information: 0 : 15872, 1, 2021/09/22, 23:48:02.997, 2221084740873, datacollector.dll, TestPluginManager.CreateTestExtension: Attempting to load test extension: Microsoft.TestPlatform.Extensions.BlameDataCollector.BlameCollector
TpTrace Error: 0 : 15872, 1, 2021/09/22, 23:48:02.997, 2221084745308, datacollector.dll, The type "Microsoft.TestPlatform.Extensions.BlameDataCollector.BlameCollector" defined in "Microsoft.TestPlatform.Extensions.BlameDataCollector.dll" does not have ExtensionUri attribute.
TpTrace Information: 0 : 15872, 1, 2021/09/22, 23:48:03.002, 2221084792555, datacollector.dll, Listening on Endpoint : 127.0.0.1:58292
TpTrace Information: 0 : 15872, 1, 2021/09/22, 23:48:03.007, 2221084836747, datacollector.dll, DataCollectionRequestHandler.ProcessRequests : DataCollection started.
TpTrace Information: 0 : 15872, 1, 2021/09/22, 23:48:03.019, 2221084961720, datacollector.dll, DataCollectionRequestHandler.ProcessRequests : Datacollector received message: (DataCollection.TestHostLaunched) -> {
  "ProcessId": 10848
}
TpTrace Information: 0 : 15872, 5, 2021/09/22, 23:48:03.151, 2221086278523, datacollector.dll, Using the buffer size of 16384 bytes
TpTrace Information: 0 : 15872, 5, 2021/09/22, 23:48:03.151, 2221086279222, datacollector.dll, Accepted Client request and set the flag
TpTrace Information: 0 : 15872, 7, 2021/09/22, 23:48:03.529, 2221090061929, datacollector.dll, DataCollectionTestCaseEventHandler: Test case starting.
TpTrace Information: 0 : 15872, 7, 2021/09/22, 23:48:03.535, 2221090118514, datacollector.dll, Blame Collector : Test Case Start
TpTrace Information: 0 : 15872, 7, 2021/09/22, 23:48:03.536, 2221090133271, datacollector.dll, DataCollectionTestCaseEventHandler: Test case 'NoPuedeConsignarValorMenosUno - a8fecf37-ca3f-81c5-5029-b2a51d969025' started.
TpTrace Information: 0 : 15872, 7, 2021/09/22, 23:48:03.547, 2221090239475, datacollector.dll, DataCollectionTestCaseEventHandler : Test case completing.
TpTrace Information: 0 : 15872, 7, 2021/09/22, 23:48:03.549, 2221090261296, datacollector.dll, Blame Collector : Test Case End
TpTrace Information: 0 : 15872, 7, 2021/09/22, 23:48:03.551, 2221090283993, datacollector.dll, DataCollectionTestCaseEventHandler: Test case 'NoPuedeConsignarValorMenosUno - a8fecf37-ca3f-81c5-5029-b2a51d969025' completed
TpTrace Information: 0 : 15872, 7, 2021/09/22, 23:48:03.558, 2221090351730, datacollector.dll, DataCollectionTestCaseEventHandler: Test case starting.
TpTrace Information: 0 : 15872, 7, 2021/09/22, 23:48:03.558, 2221090353657, datacollector.dll, Blame Collector : Test Case Start
TpTrace Information: 0 : 15872, 7, 2021/09/22, 23:48:03.558, 2221090354497, datacollector.dll, DataCollectionTestCaseEventHandler: Test case 'PuedeHacerConsignacionInicialCorrecta - c36dc4a8-2a36-d6e6-96ac-33f4327fe830' started.
TpTrace Information: 0 : 15872, 7, 2021/09/22, 23:48:03.559, 2221090360607, datacollector.dll, DataCollectionTestCaseEventHandler : Test case completing.
TpTrace Information: 0 : 15872, 7, 2021/09/22, 23:48:03.559, 2221090362085, datacollector.dll, Blame Collector : Test Case End
TpTrace Information: 0 : 15872, 7, 2021/09/22, 23:48:03.559, 2221090362810, datacollector.dll, DataCollectionTestCaseEventHandler: Test case 'PuedeHacerConsignacionInicialCorrecta - c36dc4a8-2a36-d6e6-96ac-33f4327fe830' completed
TpTrace Information: 0 : 15872, 7, 2021/09/22, 23:48:03.566, 2221090433799, datacollector.dll, DataCollectionTestCaseEventHandler: Test session ended
TpTrace Information: 0 : 15872, 1, 2021/09/22, 23:48:03.625, 2221091018109, datacollector.dll, DataCollectionRequestHandler.ProcessRequests : Datacollector received message: (DataCollection.AfterTestRunEnd) -> false
TpTrace Information: 0 : 15872, 1, 2021/09/22, 23:48:03.625, 2221091022387, datacollector.dll, Blame Collector : Session End
TpTrace Information: 0 : 15872, 1, 2021/09/22, 23:48:03.625, 2221091022840, datacollector.dll, BlameCollector.CollectDumpAndAbortTesthost: Custom path to dump directory was provided via VSTEST_DUMP_PATH. Skipping attachment upload, the caller is responsible for collecting and uploading the dumps themselves.
TpTrace Information: 0 : 15872, 1, 2021/09/22, 23:48:03.625, 2221091023521, datacollector.dll, DataCollectionManager.CleanupPlugins: CleanupPlugins called
TpTrace Verbose: 0 : 15872, 1, 2021/09/22, 23:48:03.625, 2221091023742, datacollector.dll, DataCollectionManager.CleanupPlugins: Cleaning up 1 plugins
TpTrace Verbose: 0 : 15872, 1, 2021/09/22, 23:48:03.625, 2221091024336, datacollector.dll, dataCollectorInfo.DisposeDataCollector: calling Dispose() on Microsoft.TestPlatform.Extensions.BlameDataCollector.BlameCollector
TpTrace Information: 0 : 15872, 1, 2021/09/22, 23:48:03.625, 2221091024757, datacollector.dll, DataCollectionManager.CleanupPlugins: CleanupPlugins finished
TpTrace Information: 0 : 15872, 1, 2021/09/22, 23:48:03.627, 2221091044331, datacollector.dll, DataCollectionRequestHandler.ProcessRequests : Session End message received from server. Closing the connection.
TpTrace Information: 0 : 15872, 1, 2021/09/22, 23:48:03.628, 2221091045930, datacollector.dll, Closing the connection !
TpTrace Information: 0 : 15872, 1, 2021/09/22, 23:48:03.628, 2221091046310, datacollector.dll, DataCollectionRequestHandler.ProcessRequests : DataCollection completed
TpTrace Information: 0 : 15872, 1, 2021/09/22, 23:48:03.628, 2221091046738, datacollector.dll, Program.Main: exiting datacollector process.
